-------------------------------------------------------------------------------
Test set: AVLTree_ESTest
-------------------------------------------------------------------------------
Tests run: 16, Failures: 0, Errors: 1, Skipped: 0, Time elapsed: 3.573 sec <<< FAILURE!
test00(AVLTree_ESTest)  Time elapsed: 0.074 sec  <<< ERROR!
java.lang.StackOverflowError
	at org.evosuite.runtime.LoopCounter.checkLoop(LoopCounter.java)
	at AVLTree.insert(AVLTree.java:44)
	at AVLTree.insert(AVLTree.java:49)
	at AVLTree.insert(AVLTree.java:49)
	at AVLTree.insert(AVLTree.java:49)
	at AVLTree.insert(AVLTree.java:49)
	at AVLTree.insert(AVLTree.java:49)
	at AVLTree.insert(AVLTree.java:49)
	at AVLTree.insert(AVLTree.java:49)
	at AVLTree.insert(AVLTree.java:49)
	at AVLTree.insert(AVLTree.java:49)
	at AVLTree.insert(AVLTree.java:49)
	at AVLTree.insert(AVLTree.java:49)
	at AVLTree.insert(AVLTree.java:49)
	at AVLTree.insert(AVLTree.java:49)
	at AVLTree.insert(AVLTree.java:49)
	at AVLTree.insert(AVLTree.java:49)
	at AVLTree.insert(AVLTree.java:49)
	at AVLTree.insert(AVLTree.java:49)
	at AVLTree.insert(AVLTree.java:49)
	at AVLTree.insert(AVLTree.java:49)
	at AVLTree.insert(AVLTree.java:49)
	at AVLTree.insert(AVLTree.java:49)
	at AVLTree.insert(AVLTree.java:49)
	at AVLTree.insert(AVLTree.java:49)
	at AVLTree.insert(AVLTree.java:49)
	at AVLTree.insert(AVLTree.java:49)
	at AVLTree.insert(AVLTree.java:49)
	at AVLTree.insert(AVLTree.java:49)
	at AVLTree.insert(AVLTree.java:49)
	at AVLTree.insert(AVLTree.java:49)
	at AVLTree.insert(AVLTree.java:49)
	at AVLTree.insert(AVLTree.java:49)
	at AVLTree.insert(AVLTree.java:49)
	at AVLTree.insert(AVLTree.java:49)
	at AVLTree.insert(AVLTree.java:49)
	at AVLTree.insert(AVLTree.java:49)
	at AVLTree.insert(AVLTree.java:49)
	at AVLTree.insert(AVLTree.java:49)
	at AVLTree.insert(AVLTree.java:49)
	at AVLTree.insert(AVLTree.java:49)
	at AVLTree.insert(AVLTree.java:49)
	at AVLTree.insert(AVLTree.java:49)
	at AVLTree.insert(AVLTree.java:49)
	at AVLTree.insert(AVLTree.java:49)
	at AVLTree.insert(AVLTree.java:49)
	at AVLTree.insert(AVLTree.java:49)
	at AVLTree.insert(AVLTree.java:49)
	at AVLTree.insert(AVLTree.java:49)
	at AVLTree.insert(AVLTree.java:49)
	at AVLTree.insert(AVLTree.java:49)
	at AVLTree.insert(AVLTree.java:49)
	at AVLTree.insert(AVLTree.java:49)
	at AVLTree.insert(AVLTree.java:49)
	at AVLTree.insert(AVLTree.java:49)
	at AVLTree.insert(AVLTree.java:49)
	at AVLTree.insert(AVLTree.java:49)
	at AVLTree.insert(AVLTree.java:49)
	at AVLTree.insert(AVLTree.java:49)
	at AVLTree.insert(AVLTree.java:49)
	at AVLTree.insert(AVLTree.java:49)
	at AVLTree.insert(AVLTree.java:49)
	at AVLTree.insert(AVLTree.java:49)
	at AVLTree.insert(AVLTree.java:49)
	at AVLTree.insert(AVLTree.java:49)
	at AVLTree.insert(AVLTree.java:49)
	at AVLTree.insert(AVLTree.java:49)
	at AVLTree.insert(AVLTree.java:49)
	at AVLTree.insert(AVLTree.java:49)
	at AVLTree.insert(AVLTree.java:49)
	at AVLTree.insert(AVLTree.java:49)
	at AVLTree.insert(AVLTree.java:49)
	at AVLTree.insert(AVLTree.java:49)
	at AVLTree.insert(AVLTree.java:49)
	at AVLTree.insert(AVLTree.java:49)
	at AVLTree.insert(AVLTree.java:49)
	at AVLTree.insert(AVLTree.java:49)
	at AVLTree.insert(AVLTree.java:49)
	at AVLTree.insert(AVLTree.java:49)
	at AVLTree.insert(AVLTree.java:49)
	at AVLTree.insert(AVLTree.java:49)
	at AVLTree.insert(AVLTree.java:49)
	at AVLTree.insert(AVLTree.java:49)
	at AVLTree.insert(AVLTree.java:49)
	at AVLTree.insert(AVLTree.java:49)
	at AVLTree.insert(AVLTree.java:49)
	at AVLTree.insert(AVLTree.java:49)
	at AVLTree.insert(AVLTree.java:49)
	at AVLTree.insert(AVLTree.java:49)
	at AVLTree.insert(AVLTree.java:49)
	at AVLTree.insert(AVLTree.java:49)
	at AVLTree.insert(AVLTree.java:49)
	at AVLTree.insert(AVLTree.java:49)
	at AVLTree.insert(AVLTree.java:49)
	at AVLTree.insert(AVLTree.java:49)
	at AVLTree.insert(AVLTree.java:49)
	at AVLTree.insert(AVLTree.java:49)
	at AVLTree.insert(AVLTree.java:49)
	at AVLTree.insert(AVLTree.java:49)
	at AVLTree.insert(AVLTree.java:49)
	at AVLTree.insert(AVLTree.java:49)
	at AVLTree.insert(AVLTree.java:49)
	at AVLTree.insert(AVLTree.java:49)
	at AVLTree.insert(AVLTree.java:49)
	at AVLTree.insert(AVLTree.java:49)
	at AVLTree.insert(AVLTree.java:49)
	at AVLTree.insert(AVLTree.java:49)
	at AVLTree.insert(AVLTree.java:49)
	at AVLTree.insert(AVLTree.java:49)
	at AVLTree.insert(AVLTree.java:49)
	at AVLTree.insert(AVLTree.java:49)
	at AVLTree.insert(AVLTree.java:49)
	at AVLTree.insert(AVLTree.java:49)
	at AVLTree.insert(AVLTree.java:49)
	at AVLTree.insert(AVLTree.java:49)
	at AVLTree.insert(AVLTree.java:49)
	at AVLTree.insert(AVLTree.java:49)
	at AVLTree.insert(AVLTree.java:49)
	at AVLTree.insert(AVLTree.java:49)
	at AVLTree.insert(AVLTree.java:49)
	at AVLTree.insert(AVLTree.java:49)
	at AVLTree.insert(AVLTree.java:49)
	at AVLTree.insert(AVLTree.java:49)
	at AVLTree.insert(AVLTree.java:49)
	at AVLTree.insert(AVLTree.java:49)
	at AVLTree.insert(AVLTree.java:49)
	at AVLTree.insert(AVLTree.java:49)
	at AVLTree.insert(AVLTree.java:49)
	at AVLTree.insert(AVLTree.java:49)
	at AVLTree.insert(AVLTree.java:49)
	at AVLTree.insert(AVLTree.java:49)
	at AVLTree.insert(AVLTree.java:49)
	at AVLTree.insert(AVLTree.java:49)
	at AVLTree.insert(AVLTree.java:49)
	at AVLTree.insert(AVLTree.java:49)
	at AVLTree.insert(AVLTree.java:49)
	at AVLTree.insert(AVLTree.java:49)
	at AVLTree.insert(AVLTree.java:49)
	at AVLTree.insert(AVLTree.java:49)
	at AVLTree.insert(AVLTree.java:49)
	at AVLTree.insert(AVLTree.java:49)
	at AVLTree.insert(AVLTree.java:49)
	at AVLTree.insert(AVLTree.java:49)
	at AVLTree.insert(AVLTree.java:49)
	at AVLTree.insert(AVLTree.java:49)
	at AVLTree.insert(AVLTree.java:49)
	at AVLTree.insert(AVLTree.java:49)
	at AVLTree.insert(AVLTree.java:49)
	at AVLTree.insert(AVLTree.java:49)
	at AVLTree.insert(AVLTree.java:49)
	at AVLTree.insert(AVLTree.java:49)
	at AVLTree.insert(AVLTree.java:49)
	at AVLTree.insert(AVLTree.java:49)
	at AVLTree.insert(AVLTree.java:49)
	at AVLTree.insert(AVLTree.java:49)
	at AVLTree.insert(AVLTree.java:49)
	at AVLTree.insert(AVLTree.java:49)
	at AVLTree.insert(AVLTree.java:49)
	at AVLTree.insert(AVLTree.java:49)
	at AVLTree.insert(AVLTree.java:49)
	at AVLTree.insert(AVLTree.java:49)
	at AVLTree.insert(AVLTree.java:49)
	at AVLTree.insert(AVLTree.java:49)
	at AVLTree.insert(AVLTree.java:49)
	at AVLTree.insert(AVLTree.java:49)
	at AVLTree.insert(AVLTree.java:49)
	at AVLTree.insert(AVLTree.java:49)
	at AVLTree.insert(AVLTree.java:49)
	at AVLTree.insert(AVLTree.java:49)
	at AVLTree.insert(AVLTree.java:49)
	at AVLTree.insert(AVLTree.java:49)
	at AVLTree.insert(AVLTree.java:49)
	at AVLTree.insert(AVLTree.java:49)
	at AVLTree.insert(AVLTree.java:49)
	at AVLTree.insert(AVLTree.java:49)
	at AVLTree.insert(AVLTree.java:49)
	at AVLTree.insert(AVLTree.java:49)
	at AVLTree.insert(AVLTree.java:49)
	at AVLTree.insert(AVLTree.java:49)
	at AVLTree.insert(AVLTree.java:49)
	at AVLTree.insert(AVLTree.java:49)
	at AVLTree.insert(AVLTree.java:49)
	at AVLTree.insert(AVLTree.java:49)
	at AVLTree.insert(AVLTree.java:49)
	at AVLTree.insert(AVLTree.java:49)
	at AVLTree.insert(AVLTree.java:49)
	at AVLTree.insert(AVLTree.java:49)
	at AVLTree.insert(AVLTree.java:49)
	at AVLTree.insert(AVLTree.java:49)
	at AVLTree.insert(AVLTree.java:49)
	at AVLTree.insert(AVLTree.java:49)
	at AVLTree.insert(AVLTree.java:49)
	at AVLTree.insert(AVLTree.java:49)
	at AVLTree.insert(AVLTree.java:49)
	at AVLTree.insert(AVLTree.java:49)
	at AVLTree.insert(AVLTree.java:49)
	at AVLTree.insert(AVLTree.java:49)
	at AVLTree.insert(AVLTree.java:49)
	at AVLTree.insert(AVLTree.java:49)
	at AVLTree.insert(AVLTree.java:49)
	at AVLTree.insert(AVLTree.java:49)
	at AVLTree.insert(AVLTree.java:49)
	at AVLTree.insert(AVLTree.java:49)
	at AVLTree.insert(AVLTree.java:49)
	at AVLTree.insert(AVLTree.java:49)
	at AVLTree.insert(AVLTree.java:49)
	at AVLTree.insert(AVLTree.java:49)
	at AVLTree.insert(AVLTree.java:49)
	at AVLTree.insert(AVLTree.java:49)
	at AVLTree.insert(AVLTree.java:49)
	at AVLTree.insert(AVLTree.java:49)
	at AVLTree.insert(AVLTree.java:49)
	at AVLTree.insert(AVLTree.java:49)
	at AVLTree.insert(AVLTree.java:49)
	at AVLTree.insert(AVLTree.java:49)
	at AVLTree.insert(AVLTree.java:49)
	at AVLTree.insert(AVLTree.java:49)
	at AVLTree.insert(AVLTree.java:49)
	at AVLTree.insert(AVLTree.java:49)
	at AVLTree.insert(AVLTree.java:49)
	at AVLTree.insert(AVLTree.java:49)
	at AVLTree.insert(AVLTree.java:49)
	at AVLTree.insert(AVLTree.java:49)
	at AVLTree.insert(AVLTree.java:49)
	at AVLTree.insert(AVLTree.java:49)
	at AVLTree.insert(AVLTree.java:49)
	at AVLTree.insert(AVLTree.java:49)
	at AVLTree.insert(AVLTree.java:49)
	at AVLTree.insert(AVLTree.java:49)
	at AVLTree.insert(AVLTree.java:49)
	at AVLTree.insert(AVLTree.java:49)
	at AVLTree.insert(AVLTree.java:49)
	at AVLTree.insert(AVLTree.java:49)
	at AVLTree.insert(AVLTree.java:49)
	at AVLTree.insert(AVLTree.java:49)
	at AVLTree.insert(AVLTree.java:49)
	at AVLTree.insert(AVLTree.java:49)
	at AVLTree.insert(AVLTree.java:49)
	at AVLTree.insert(AVLTree.java:49)
	at AVLTree.insert(AVLTree.java:49)
	at AVLTree.insert(AVLTree.java:49)
	at AVLTree.insert(AVLTree.java:49)
	at AVLTree.insert(AVLTree.java:49)
	at AVLTree.insert(AVLTree.java:49)
	at AVLTree.insert(AVLTree.java:49)
	at AVLTree.insert(AVLTree.java:49)
	at AVLTree.insert(AVLTree.java:49)
	at AVLTree.insert(AVLTree.java:49)
	at AVLTree.insert(AVLTree.java:49)
	at AVLTree.insert(AVLTree.java:49)
	at AVLTree.insert(AVLTree.java:49)
	at AVLTree.insert(AVLTree.java:49)
	at AVLTree.insert(AVLTree.java:49)
	at AVLTree.insert(AVLTree.java:49)
	at AVLTree.insert(AVLTree.java:49)
	at AVLTree.insert(AVLTree.java:49)
	at AVLTree.insert(AVLTree.java:49)
	at AVLTree.insert(AVLTree.java:49)
	at AVLTree.insert(AVLTree.java:49)
	at AVLTree.insert(AVLTree.java:49)
	at AVLTree.insert(AVLTree.java:49)
	at AVLTree.insert(AVLTree.java:49)
	at AVLTree.insert(AVLTree.java:49)
	at AVLTree.insert(AVLTree.java:49)
	at AVLTree.insert(AVLTree.java:49)
	at AVLTree.insert(AVLTree.java:49)
	at AVLTree.insert(AVLTree.java:49)
	at AVLTree.insert(AVLTree.java:49)
	at AVLTree.insert(AVLTree.java:49)
	at AVLTree.insert(AVLTree.java:49)
	at AVLTree.insert(AVLTree.java:49)
	at AVLTree.insert(AVLTree.java:49)
	at AVLTree.insert(AVLTree.java:49)
	at AVLTree.insert(AVLTree.java:49)
	at AVLTree.insert(AVLTree.java:49)
	at AVLTree.insert(AVLTree.java:49)
	at AVLTree.insert(AVLTree.java:49)
	at AVLTree.insert(AVLTree.java:49)
	at AVLTree.insert(AVLTree.java:49)
	at AVLTree.insert(AVLTree.java:49)
	at AVLTree.insert(AVLTree.java:49)
	at AVLTree.insert(AVLTree.java:49)
	at AVLTree.insert(AVLTree.java:49)
	at AVLTree.insert(AVLTree.java:49)
	at AVLTree.insert(AVLTree.java:49)
	at AVLTree.insert(AVLTree.java:49)
	at AVLTree.insert(AVLTree.java:49)
	at AVLTree.insert(AVLTree.java:49)
	at AVLTree.insert(AVLTree.java:49)
	at AVLTree.insert(AVLTree.java:49)
	at AVLTree.insert(AVLTree.java:49)
	at AVLTree.insert(AVLTree.java:49)
	at AVLTree.insert(AVLTree.java:49)
	at AVLTree.insert(AVLTree.java:49)
	at AVLTree.insert(AVLTree.java:49)
	at AVLTree.insert(AVLTree.java:49)
	at AVLTree.insert(AVLTree.java:49)
	at AVLTree.insert(AVLTree.java:49)
	at AVLTree.insert(AVLTree.java:49)
	at AVLTree.insert(AVLTree.java:49)
	at AVLTree.insert(AVLTree.java:49)
	at AVLTree.insert(AVLTree.java:49)
	at AVLTree.insert(AVLTree.java:49)
	at AVLTree.insert(AVLTree.java:49)
	at AVLTree.insert(AVLTree.java:49)
	at AVLTree.insert(AVLTree.java:49)
	at AVLTree.insert(AVLTree.java:49)
	at AVLTree.insert(AVLTree.java:49)
	at AVLTree.insert(AVLTree.java:49)
	at AVLTree.insert(AVLTree.java:49)
	at AVLTree.insert(AVLTree.java:49)
	at AVLTree.insert(AVLTree.java:49)
	at AVLTree.insert(AVLTree.java:49)
	at AVLTree.insert(AVLTree.java:49)
	at AVLTree.insert(AVLTree.java:49)
	at AVLTree.insert(AVLTree.java:49)
	at AVLTree.insert(AVLTree.java:49)
	at AVLTree.insert(AVLTree.java:49)
	at AVLTree.insert(AVLTree.java:49)
	at AVLTree.insert(AVLTree.java:49)
	at AVLTree.insert(AVLTree.java:49)
	at AVLTree.insert(AVLTree.java:49)
	at AVLTree.insert(AVLTree.java:49)
	at AVLTree.insert(AVLTree.java:49)
	at AVLTree.insert(AVLTree.java:49)
	at AVLTree.insert(AVLTree.java:49)
	at AVLTree.insert(AVLTree.java:49)
	at AVLTree.insert(AVLTree.java:49)
	at AVLTree.insert(AVLTree.java:49)
	at AVLTree.insert(AVLTree.java:49)
	at AVLTree.insert(AVLTree.java:49)
	at AVLTree.insert(AVLTree.java:49)
	at AVLTree.insert(AVLTree.java:49)
	at AVLTree.insert(AVLTree.java:49)
	at AVLTree.insert(AVLTree.java:49)
	at AVLTree.insert(AVLTree.java:49)
	at AVLTree.insert(AVLTree.java:49)
	at AVLTree.insert(AVLTree.java:49)
	at AVLTree.insert(AVLTree.java:49)
	at AVLTree.insert(AVLTree.java:49)
	at AVLTree.insert(AVLTree.java:49)
	at AVLTree.insert(AVLTree.java:49)
	at AVLTree.insert(AVLTree.java:49)
	at AVLTree.insert(AVLTree.java:49)
	at AVLTree.insert(AVLTree.java:49)
	at AVLTree.insert(AVLTree.java:49)
	at AVLTree.insert(AVLTree.java:49)
	at AVLTree.insert(AVLTree.java:49)
	at AVLTree.insert(AVLTree.java:49)
	at AVLTree.insert(AVLTree.java:49)
	at AVLTree.insert(AVLTree.java:49)
	at AVLTree.insert(AVLTree.java:49)
	at AVLTree.insert(AVLTree.java:49)
	at AVLTree.insert(AVLTree.java:49)
	at AVLTree.insert(AVLTree.java:49)
	at AVLTree.insert(AVLTree.java:49)
	at AVLTree.insert(AVLTree.java:49)
	at AVLTree.insert(AVLTree.java:49)
	at AVLTree.insert(AVLTree.java:49)
	at AVLTree.insert(AVLTree.java:49)
	at AVLTree.insert(AVLTree.java:49)
	at AVLTree.insert(AVLTree.java:49)
	at AVLTree.insert(AVLTree.java:49)
	at AVLTree.insert(AVLTree.java:49)
	at AVLTree.insert(AVLTree.java:49)
	at AVLTree.insert(AVLTree.java:49)
	at AVLTree.insert(AVLTree.java:49)
	at AVLTree.insert(AVLTree.java:49)
	at AVLTree.insert(AVLTree.java:49)
	at AVLTree.insert(AVLTree.java:49)
	at AVLTree.insert(AVLTree.java:49)
	at AVLTree.insert(AVLTree.java:49)
	at AVLTree.insert(AVLTree.java:49)
	at AVLTree.insert(AVLTree.java:49)
	at AVLTree.insert(AVLTree.java:49)
	at AVLTree.insert(AVLTree.java:49)
	at AVLTree.insert(AVLTree.java:49)
	at AVLTree.insert(AVLTree.java:49)
	at AVLTree.insert(AVLTree.java:49)
	at AVLTree.insert(AVLTree.java:49)
	at AVLTree.insert(AVLTree.java:49)
	at AVLTree.insert(AVLTree.java:49)
	at AVLTree.insert(AVLTree.java:49)
	at AVLTree.insert(AVLTree.java:49)
	at AVLTree.insert(AVLTree.java:49)
	at AVLTree.insert(AVLTree.java:49)
	at AVLTree.insert(AVLTree.java:49)
	at AVLTree.insert(AVLTree.java:49)
	at AVLTree.insert(AVLTree.java:49)
	at AVLTree.insert(AVLTree.java:49)
	at AVLTree.insert(AVLTree.java:49)
	at AVLTree.insert(AVLTree.java:49)
	at AVLTree.insert(AVLTree.java:49)
	at AVLTree.insert(AVLTree.java:49)
	at AVLTree.insert(AVLTree.java:49)
	at AVLTree.insert(AVLTree.java:49)
	at AVLTree.insert(AVLTree.java:49)
	at AVLTree.insert(AVLTree.java:49)
	at AVLTree.insert(AVLTree.java:49)
	at AVLTree.insert(AVLTree.java:49)
	at AVLTree.insert(AVLTree.java:49)
	at AVLTree.insert(AVLTree.java:49)
	at AVLTree.insert(AVLTree.java:49)
	at AVLTree.insert(AVLTree.java:49)
	at AVLTree.insert(AVLTree.java:49)
	at AVLTree.insert(AVLTree.java:49)
	at AVLTree.insert(AVLTree.java:49)
	at AVLTree.insert(AVLTree.java:49)
	at AVLTree.insert(AVLTree.java:49)
	at AVLTree.insert(AVLTree.java:49)
	at AVLTree.insert(AVLTree.java:49)
	at AVLTree.insert(AVLTree.java:49)
	at AVLTree.insert(AVLTree.java:49)
	at AVLTree.insert(AVLTree.java:49)
	at AVLTree.insert(AVLTree.java:49)
	at AVLTree.insert(AVLTree.java:49)
	at AVLTree.insert(AVLTree.java:49)
	at AVLTree.insert(AVLTree.java:49)
	at AVLTree.insert(AVLTree.java:49)
	at AVLTree.insert(AVLTree.java:49)
	at AVLTree.insert(AVLTree.java:49)
	at AVLTree.insert(AVLTree.java:49)
	at AVLTree.insert(AVLTree.java:49)
	at AVLTree.insert(AVLTree.java:49)
	at AVLTree.insert(AVLTree.java:49)
	at AVLTree.insert(AVLTree.java:49)
	at AVLTree.insert(AVLTree.java:49)
	at AVLTree.insert(AVLTree.java:49)
	at AVLTree.insert(AVLTree.java:49)
	at AVLTree.insert(AVLTree.java:49)
	at AVLTree.insert(AVLTree.java:49)
	at AVLTree.insert(AVLTree.java:49)
	at AVLTree.insert(AVLTree.java:49)
	at AVLTree.insert(AVLTree.java:49)
	at AVLTree.insert(AVLTree.java:49)
	at AVLTree.insert(AVLTree.java:49)
	at AVLTree.insert(AVLTree.java:49)
	at AVLTree.insert(AVLTree.java:49)
	at AVLTree.insert(AVLTree.java:49)
	at AVLTree.insert(AVLTree.java:49)
	at AVLTree.insert(AVLTree.java:49)
	at AVLTree.insert(AVLTree.java:49)
	at AVLTree.insert(AVLTree.java:49)
	at AVLTree.insert(AVLTree.java:49)
	at AVLTree.insert(AVLTree.java:49)
	at AVLTree.insert(AVLTree.java:49)
	at AVLTree.insert(AVLTree.java:49)
	at AVLTree.insert(AVLTree.java:49)
	at AVLTree.insert(AVLTree.java:49)
	at AVLTree.insert(AVLTree.java:49)
	at AVLTree.insert(AVLTree.java:49)
	at AVLTree.insert(AVLTree.java:49)
	at AVLTree.insert(AVLTree.java:49)
	at AVLTree.insert(AVLTree.java:49)
	at AVLTree.insert(AVLTree.java:49)
	at AVLTree.insert(AVLTree.java:49)
	at AVLTree.insert(AVLTree.java:49)
	at AVLTree.insert(AVLTree.java:49)
	at AVLTree.insert(AVLTree.java:49)
	at AVLTree.insert(AVLTree.java:49)
	at AVLTree.insert(AVLTree.java:49)
	at AVLTree.insert(AVLTree.java:49)
	at AVLTree.insert(AVLTree.java:49)
	at AVLTree.insert(AVLTree.java:49)
	at AVLTree.insert(AVLTree.java:49)
	at AVLTree.insert(AVLTree.java:49)
	at AVLTree.insert(AVLTree.java:49)
	at AVLTree.insert(AVLTree.java:49)
	at AVLTree.insert(AVLTree.java:49)
	at AVLTree.insert(AVLTree.java:49)
	at AVLTree.insert(AVLTree.java:49)
	at AVLTree.insert(AVLTree.java:49)
	at AVLTree.insert(AVLTree.java:49)
	at AVLTree.insert(AVLTree.java:49)
	at AVLTree.insert(AVLTree.java:49)
	at AVLTree.insert(AVLTree.java:49)
	at AVLTree.insert(AVLTree.java:49)
	at AVLTree.insert(AVLTree.java:49)
	at AVLTree.insert(AVLTree.java:49)
	at AVLTree.insert(AVLTree.java:49)
	at AVLTree.insert(AVLTree.java:49)
	at AVLTree.insert(AVLTree.java:49)
	at AVLTree.insert(AVLTree.java:49)
	at AVLTree.insert(AVLTree.java:49)
	at AVLTree.insert(AVLTree.java:49)
	at AVLTree.insert(AVLTree.java:49)
	at AVLTree.insert(AVLTree.java:49)
	at AVLTree.insert(AVLTree.java:49)
	at AVLTree.insert(AVLTree.java:49)
	at AVLTree.insert(AVLTree.java:49)
	at AVLTree.insert(AVLTree.java:49)
	at AVLTree.insert(AVLTree.java:49)
	at AVLTree.insert(AVLTree.java:49)
	at AVLTree.insert(AVLTree.java:49)
	at AVLTree.insert(AVLTree.java:49)
	at AVLTree.insert(AVLTree.java:49)
	at AVLTree.insert(AVLTree.java:49)
	at AVLTree.insert(AVLTree.java:49)
	at AVLTree.insert(AVLTree.java:49)
	at AVLTree.insert(AVLTree.java:49)
	at AVLTree.insert(AVLTree.java:49)
	at AVLTree.insert(AVLTree.java:49)
	at AVLTree.insert(AVLTree.java:49)
	at AVLTree.insert(AVLTree.java:49)
	at AVLTree.insert(AVLTree.java:49)
	at AVLTree.insert(AVLTree.java:49)
	at AVLTree.insert(AVLTree.java:49)
	at AVLTree.insert(AVLTree.java:49)
	at AVLTree.insert(AVLTree.java:49)
	at AVLTree.insert(AVLTree.java:49)
	at AVLTree.insert(AVLTree.java:49)
	at AVLTree.insert(AVLTree.java:49)
	at AVLTree.insert(AVLTree.java:49)
	at AVLTree.insert(AVLTree.java:49)
	at AVLTree.insert(AVLTree.java:49)
	at AVLTree.insert(AVLTree.java:49)
	at AVLTree.insert(AVLTree.java:49)
	at AVLTree.insert(AVLTree.java:49)
	at AVLTree.insert(AVLTree.java:49)
	at AVLTree.insert(AVLTree.java:49)
	at AVLTree.insert(AVLTree.java:49)
	at AVLTree.insert(AVLTree.java:49)
	at AVLTree.insert(AVLTree.java:49)
	at AVLTree.insert(AVLTree.java:49)
	at AVLTree.insert(AVLTree.java:49)
	at AVLTree.insert(AVLTree.java:49)
	at AVLTree.insert(AVLTree.java:49)
	at AVLTree.insert(AVLTree.java:49)
	at AVLTree.insert(AVLTree.java:49)
	at AVLTree.insert(AVLTree.java:49)
	at AVLTree.insert(AVLTree.java:49)
	at AVLTree.insert(AVLTree.java:49)
	at AVLTree.insert(AVLTree.java:49)
	at AVLTree.insert(AVLTree.java:49)
	at AVLTree.insert(AVLTree.java:49)
	at AVLTree.insert(AVLTree.java:49)
	at AVLTree.insert(AVLTree.java:49)
	at AVLTree.insert(AVLTree.java:49)
	at AVLTree.insert(AVLTree.java:49)
	at AVLTree.insert(AVLTree.java:49)
	at AVLTree.insert(AVLTree.java:49)
	at AVLTree.insert(AVLTree.java:49)
	at AVLTree.insert(AVLTree.java:49)
	at AVLTree.insert(AVLTree.java:49)
	at AVLTree.insert(AVLTree.java:49)
	at AVLTree.insert(AVLTree.java:49)
	at AVLTree.insert(AVLTree.java:49)
	at AVLTree.insert(AVLTree.java:49)
	at AVLTree.insert(AVLTree.java:49)
	at AVLTree.insert(AVLTree.java:49)
	at AVLTree.insert(AVLTree.java:49)
	at AVLTree.insert(AVLTree.java:49)
	at AVLTree.insert(AVLTree.java:49)
	at AVLTree.insert(AVLTree.java:49)
	at AVLTree.insert(AVLTree.java:49)
	at AVLTree.insert(AVLTree.java:49)
	at AVLTree.insert(AVLTree.java:49)
	at AVLTree.insert(AVLTree.java:49)
	at AVLTree.insert(AVLTree.java:49)
	at AVLTree.insert(AVLTree.java:49)
	at AVLTree.insert(AVLTree.java:49)
	at AVLTree.insert(AVLTree.java:49)
	at AVLTree.insert(AVLTree.java:49)
	at AVLTree.insert(AVLTree.java:49)
	at AVLTree.insert(AVLTree.java:49)
	at AVLTree.insert(AVLTree.java:49)
	at AVLTree.insert(AVLTree.java:49)
	at AVLTree.insert(AVLTree.java:49)
	at AVLTree.insert(AVLTree.java:49)
	at AVLTree.insert(AVLTree.java:49)
	at AVLTree.insert(AVLTree.java:49)
	at AVLTree.insert(AVLTree.java:49)
	at AVLTree.insert(AVLTree.java:49)
	at AVLTree.insert(AVLTree.java:49)
	at AVLTree.insert(AVLTree.java:49)
	at AVLTree.insert(AVLTree.java:49)
	at AVLTree.insert(AVLTree.java:49)
	at AVLTree.insert(AVLTree.java:49)
	at AVLTree.insert(AVLTree.java:49)
	at AVLTree.insert(AVLTree.java:49)
	at AVLTree.insert(AVLTree.java:49)
	at AVLTree.insert(AVLTree.java:49)
	at AVLTree.insert(AVLTree.java:49)
	at AVLTree.insert(AVLTree.java:49)
	at AVLTree.insert(AVLTree.java:49)
	at AVLTree.insert(AVLTree.java:49)
	at AVLTree.insert(AVLTree.java:49)
	at AVLTree.insert(AVLTree.java:49)
	at AVLTree.insert(AVLTree.java:49)
	at AVLTree.insert(AVLTree.java:49)
	at AVLTree.insert(AVLTree.java:49)
	at AVLTree.insert(AVLTree.java:49)
	at AVLTree.insert(AVLTree.java:49)
	at AVLTree.insert(AVLTree.java:49)
	at AVLTree.insert(AVLTree.java:49)
	at AVLTree.insert(AVLTree.java:49)
	at AVLTree.insert(AVLTree.java:49)
	at AVLTree.insert(AVLTree.java:49)
	at AVLTree.insert(AVLTree.java:49)
	at AVLTree.insert(AVLTree.java:49)
	at AVLTree.insert(AVLTree.java:49)
	at AVLTree.insert(AVLTree.java:49)
	at AVLTree.insert(AVLTree.java:49)
	at AVLTree.insert(AVLTree.java:49)
	at AVLTree.insert(AVLTree.java:49)
	at AVLTree.insert(AVLTree.java:49)
	at AVLTree.insert(AVLTree.java:49)
	at AVLTree.insert(AVLTree.java:49)
	at AVLTree.insert(AVLTree.java:49)
	at AVLTree.insert(AVLTree.java:49)
	at AVLTree.insert(AVLTree.java:49)
	at AVLTree.insert(AVLTree.java:49)
	at AVLTree.insert(AVLTree.java:49)
	at AVLTree.insert(AVLTree.java:49)
	at AVLTree.insert(AVLTree.java:49)
	at AVLTree.insert(AVLTree.java:49)
	at AVLTree.insert(AVLTree.java:49)
	at AVLTree.insert(AVLTree.java:49)
	at AVLTree.insert(AVLTree.java:49)
	at AVLTree.insert(AVLTree.java:49)
	at AVLTree.insert(AVLTree.java:49)
	at AVLTree.insert(AVLTree.java:49)
	at AVLTree.insert(AVLTree.java:49)
	at AVLTree.insert(AVLTree.java:49)
	at AVLTree.insert(AVLTree.java:49)
	at AVLTree.insert(AVLTree.java:49)
	at AVLTree.insert(AVLTree.java:49)
	at AVLTree.insert(AVLTree.java:49)
	at AVLTree.insert(AVLTree.java:49)
	at AVLTree.insert(AVLTree.java:49)
	at AVLTree.insert(AVLTree.java:49)
	at AVLTree.insert(AVLTree.java:49)
	at AVLTree.insert(AVLTree.java:49)
	at AVLTree.insert(AVLTree.java:49)
	at AVLTree.insert(AVLTree.java:49)
	at AVLTree.insert(AVLTree.java:49)
	at AVLTree.insert(AVLTree.java:49)
	at AVLTree.insert(AVLTree.java:49)
	at AVLTree.insert(AVLTree.java:49)
	at AVLTree.insert(AVLTree.java:49)
	at AVLTree.insert(AVLTree.java:49)
	at AVLTree.insert(AVLTree.java:49)
	at AVLTree.insert(AVLTree.java:49)
	at AVLTree.insert(AVLTree.java:49)
	at AVLTree.insert(AVLTree.java:49)
	at AVLTree.insert(AVLTree.java:49)
	at AVLTree.insert(AVLTree.java:49)
	at AVLTree.insert(AVLTree.java:49)
	at AVLTree.insert(AVLTree.java:49)
	at AVLTree.insert(AVLTree.java:49)
	at AVLTree.insert(AVLTree.java:49)
	at AVLTree.insert(AVLTree.java:49)
	at AVLTree.insert(AVLTree.java:49)
	at AVLTree.insert(AVLTree.java:49)
	at AVLTree.insert(AVLTree.java:49)
	at AVLTree.insert(AVLTree.java:49)
	at AVLTree.insert(AVLTree.java:49)
	at AVLTree.insert(AVLTree.java:49)
	at AVLTree.insert(AVLTree.java:49)
	at AVLTree.insert(AVLTree.java:49)
	at AVLTree.insert(AVLTree.java:49)
	at AVLTree.insert(AVLTree.java:49)
	at AVLTree.insert(AVLTree.java:49)
	at AVLTree.insert(AVLTree.java:49)
	at AVLTree.insert(AVLTree.java:49)
	at AVLTree.insert(AVLTree.java:49)
	at AVLTree.insert(AVLTree.java:49)
	at AVLTree.insert(AVLTree.java:49)
	at AVLTree.insert(AVLTree.java:49)
	at AVLTree.insert(AVLTree.java:49)
	at AVLTree.insert(AVLTree.java:49)
	at AVLTree.insert(AVLTree.java:49)
	at AVLTree.insert(AVLTree.java:49)
	at AVLTree.insert(AVLTree.java:49)
	at AVLTree.insert(AVLTree.java:49)
	at AVLTree.insert(AVLTree.java:49)
	at AVLTree.insert(AVLTree.java:49)
	at AVLTree.insert(AVLTree.java:49)
	at AVLTree.insert(AVLTree.java:49)
	at AVLTree.insert(AVLTree.java:49)
	at AVLTree.insert(AVLTree.java:49)
	at AVLTree.insert(AVLTree.java:49)
	at AVLTree.insert(AVLTree.java:49)
	at AVLTree.insert(AVLTree.java:49)
	at AVLTree.insert(AVLTree.java:49)
	at AVLTree.insert(AVLTree.java:49)
	at AVLTree.insert(AVLTree.java:49)
	at AVLTree.insert(AVLTree.java:49)
	at AVLTree.insert(AVLTree.java:49)
	at AVLTree.insert(AVLTree.java:49)
	at AVLTree.insert(AVLTree.java:49)
	at AVLTree.insert(AVLTree.java:49)
	at AVLTree.insert(AVLTree.java:49)
	at AVLTree.insert(AVLTree.java:49)
	at AVLTree.insert(AVLTree.java:49)
	at AVLTree.insert(AVLTree.java:49)
	at AVLTree.insert(AVLTree.java:49)
	at AVLTree.insert(AVLTree.java:49)
	at AVLTree.insert(AVLTree.java:49)
	at AVLTree.insert(AVLTree.java:49)
	at AVLTree.insert(AVLTree.java:49)
	at AVLTree.insert(AVLTree.java:49)
	at AVLTree.insert(AVLTree.java:49)
	at AVLTree.insert(AVLTree.java:49)
	at AVLTree.insert(AVLTree.java:49)
	at AVLTree.insert(AVLTree.java:49)
	at AVLTree.insert(AVLTree.java:49)
	at AVLTree.insert(AVLTree.java:49)
	at AVLTree.insert(AVLTree.java:49)
	at AVLTree.insert(AVLTree.java:49)
	at AVLTree.insert(AVLTree.java:49)
	at AVLTree.insert(AVLTree.java:49)
	at AVLTree.insert(AVLTree.java:49)
	at AVLTree.insert(AVLTree.java:49)
	at AVLTree.insert(AVLTree.java:49)
	at AVLTree.insert(AVLTree.java:49)
	at AVLTree.insert(AVLTree.java:49)
	at AVLTree.insert(AVLTree.java:49)
	at AVLTree.insert(AVLTree.java:49)
	at AVLTree.insert(AVLTree.java:49)
	at AVLTree.insert(AVLTree.java:49)
	at AVLTree.insert(AVLTree.java:49)
	at AVLTree.insert(AVLTree.java:49)
	at AVLTree.insert(AVLTree.java:49)
	at AVLTree.insert(AVLTree.java:49)
	at AVLTree.insert(AVLTree.java:49)
	at AVLTree.insert(AVLTree.java:49)
	at AVLTree.insert(AVLTree.java:49)
	at AVLTree.insert(AVLTree.java:49)
	at AVLTree.insert(AVLTree.java:49)
	at AVLTree.insert(AVLTree.java:49)
	at AVLTree.insert(AVLTree.java:49)
	at AVLTree.insert(AVLTree.java:49)
	at AVLTree.insert(AVLTree.java:49)
	at AVLTree.insert(AVLTree.java:49)
	at AVLTree.insert(AVLTree.java:49)
	at AVLTree.insert(AVLTree.java:49)
	at AVLTree.insert(AVLTree.java:49)
	at AVLTree.insert(AVLTree.java:49)
	at AVLTree.insert(AVLTree.java:49)
	at AVLTree.insert(AVLTree.java:49)
	at AVLTree.insert(AVLTree.java:49)
	at AVLTree.insert(AVLTree.java:49)
	at AVLTree.insert(AVLTree.java:49)
	at AVLTree.insert(AVLTree.java:49)
	at AVLTree.insert(AVLTree.java:49)
	at AVLTree.insert(AVLTree.java:49)
	at AVLTree.insert(AVLTree.java:49)
	at AVLTree.insert(AVLTree.java:49)
	at AVLTree.insert(AVLTree.java:49)
	at AVLTree.insert(AVLTree.java:49)
	at AVLTree.insert(AVLTree.java:49)
	at AVLTree.insert(AVLTree.java:49)
	at AVLTree.insert(AVLTree.java:49)
	at AVLTree.insert(AVLTree.java:49)
	at AVLTree.insert(AVLTree.java:49)
	at AVLTree.insert(AVLTree.java:49)
	at AVLTree.insert(AVLTree.java:49)
	at AVLTree.insert(AVLTree.java:49)
	at AVLTree.insert(AVLTree.java:49)
	at AVLTree.insert(AVLTree.java:49)
	at AVLTree.insert(AVLTree.java:49)
	at AVLTree.insert(AVLTree.java:49)
	at AVLTree.insert(AVLTree.java:49)
	at AVLTree.insert(AVLTree.java:49)
	at AVLTree.insert(AVLTree.java:49)
	at AVLTree.insert(AVLTree.java:49)
	at AVLTree.insert(AVLTree.java:49)
	at AVLTree.insert(AVLTree.java:49)
	at AVLTree.insert(AVLTree.java:49)
	at AVLTree.insert(AVLTree.java:49)
	at AVLTree.insert(AVLTree.java:49)
	at AVLTree.insert(AVLTree.java:49)
	at AVLTree.insert(AVLTree.java:49)
	at AVLTree.insert(AVLTree.java:49)
	at AVLTree.insert(AVLTree.java:49)
	at AVLTree.insert(AVLTree.java:49)
	at AVLTree.insert(AVLTree.java:49)
	at AVLTree.insert(AVLTree.java:49)
	at AVLTree.insert(AVLTree.java:49)
	at AVLTree.insert(AVLTree.java:49)
	at AVLTree.insert(AVLTree.java:49)
	at AVLTree.insert(AVLTree.java:49)
	at AVLTree.insert(AVLTree.java:49)
	at AVLTree.insert(AVLTree.java:49)
	at AVLTree.insert(AVLTree.java:49)
	at AVLTree.insert(AVLTree.java:49)
	at AVLTree.insert(AVLTree.java:49)
	at AVLTree.insert(AVLTree.java:49)
	at AVLTree.insert(AVLTree.java:49)
	at AVLTree.insert(AVLTree.java:49)
	at AVLTree.insert(AVLTree.java:49)
	at AVLTree.insert(AVLTree.java:49)
	at AVLTree.insert(AVLTree.java:49)
	at AVLTree.insert(AVLTree.java:49)
	at AVLTree.insert(AVLTree.java:49)
	at AVLTree.insert(AVLTree.java:49)
	at AVLTree.insert(AVLTree.java:49)
	at AVLTree.insert(AVLTree.java:49)
	at AVLTree.insert(AVLTree.java:49)
	at AVLTree.insert(AVLTree.java:49)
	at AVLTree.insert(AVLTree.java:49)
	at AVLTree.insert(AVLTree.java:49)
	at AVLTree.insert(AVLTree.java:49)
	at AVLTree.insert(AVLTree.java:49)
	at AVLTree.insert(AVLTree.java:49)
	at AVLTree.insert(AVLTree.java:49)
	at AVLTree.insert(AVLTree.java:49)
	at AVLTree.insert(AVLTree.java:49)
	at AVLTree.insert(AVLTree.java:49)
	at AVLTree.insert(AVLTree.java:49)
	at AVLTree.insert(AVLTree.java:49)
	at AVLTree.insert(AVLTree.java:49)
	at AVLTree.insert(AVLTree.java:49)
	at AVLTree.insert(AVLTree.java:49)
	at AVLTree.insert(AVLTree.java:49)
	at AVLTree.insert(AVLTree.java:49)
	at AVLTree.insert(AVLTree.java:49)
	at AVLTree.insert(AVLTree.java:49)
	at AVLTree.insert(AVLTree.java:49)
	at AVLTree.insert(AVLTree.java:49)
	at AVLTree.insert(AVLTree.java:49)
	at AVLTree.insert(AVLTree.java:49)
	at AVLTree.insert(AVLTree.java:49)
	at AVLTree.insert(AVLTree.java:49)
	at AVLTree.insert(AVLTree.java:49)
	at AVLTree.insert(AVLTree.java:49)
	at AVLTree.insert(AVLTree.java:49)
	at AVLTree.insert(AVLTree.java:49)
	at AVLTree.insert(AVLTree.java:49)
	at AVLTree.insert(AVLTree.java:49)
	at AVLTree.insert(AVLTree.java:49)
	at AVLTree.insert(AVLTree.java:49)
	at AVLTree.insert(AVLTree.java:49)
	at AVLTree.insert(AVLTree.java:49)
	at AVLTree.insert(AVLTree.java:49)
	at AVLTree.insert(AVLTree.java:49)
	at AVLTree.insert(AVLTree.java:49)
	at AVLTree.insert(AVLTree.java:49)
	at AVLTree.insert(AVLTree.java:49)
	at AVLTree.insert(AVLTree.java:49)
	at AVLTree.insert(AVLTree.java:49)
	at AVLTree.insert(AVLTree.java:49)
	at AVLTree.insert(AVLTree.java:49)
	at AVLTree.insert(AVLTree.java:49)
	at AVLTree.insert(AVLTree.java:49)
	at AVLTree.insert(AVLTree.java:49)
	at AVLTree.insert(AVLTree.java:49)
	at AVLTree.insert(AVLTree.java:49)
	at AVLTree.insert(AVLTree.java:49)
	at AVLTree.insert(AVLTree.java:49)
	at AVLTree.insert(AVLTree.java:49)
	at AVLTree.insert(AVLTree.java:49)
	at AVLTree.insert(AVLTree.java:49)
	at AVLTree.insert(AVLTree.java:49)
	at AVLTree.insert(AVLTree.java:49)
	at AVLTree.insert(AVLTree.java:49)
	at AVLTree.insert(AVLTree.java:49)
	at AVLTree.insert(AVLTree.java:49)
	at AVLTree.insert(AVLTree.java:49)
	at AVLTree.insert(AVLTree.java:49)
	at AVLTree.insert(AVLTree.java:49)
	at AVLTree.insert(AVLTree.java:49)
	at AVLTree.insert(AVLTree.java:49)
	at AVLTree.insert(AVLTree.java:49)
	at AVLTree.insert(AVLTree.java:49)
	at AVLTree.insert(AVLTree.java:49)
	at AVLTree.insert(AVLTree.java:49)
	at AVLTree.insert(AVLTree.java:49)
	at AVLTree.insert(AVLTree.java:49)
	at AVLTree.insert(AVLTree.java:49)
	at AVLTree.insert(AVLTree.java:49)
	at AVLTree.insert(AVLTree.java:49)
	at AVLTree.insert(AVLTree.java:49)
	at AVLTree.insert(AVLTree.java:49)
	at AVLTree.insert(AVLTree.java:49)
	at AVLTree.insert(AVLTree.java:49)
	at AVLTree.insert(AVLTree.java:49)
	at AVLTree.insert(AVLTree.java:49)
	at AVLTree.insert(AVLTree.java:49)
	at AVLTree.insert(AVLTree.java:49)
	at AVLTree.insert(AVLTree.java:49)
	at AVLTree.insert(AVLTree.java:49)
	at AVLTree.insert(AVLTree.java:49)
	at AVLTree.insert(AVLTree.java:49)
	at AVLTree.insert(AVLTree.java:49)
	at AVLTree.insert(AVLTree.java:49)
	at AVLTree.insert(AVLTree.java:49)
	at AVLTree.insert(AVLTree.java:49)
	at AVLTree.insert(AVLTree.java:49)
	at AVLTree.insert(AVLTree.java:49)
	at AVLTree.insert(AVLTree.java:49)
	at AVLTree.insert(AVLTree.java:49)
	at AVLTree.insert(AVLTree.java:49)
	at AVLTree.insert(AVLTree.java:49)
	at AVLTree.insert(AVLTree.java:49)
	at AVLTree.insert(AVLTree.java:49)
	at AVLTree.insert(AVLTree.java:49)
	at AVLTree.insert(AVLTree.java:49)
	at AVLTree.insert(AVLTree.java:49)
	at AVLTree.insert(AVLTree.java:49)
	at AVLTree.insert(AVLTree.java:49)
	at AVLTree.insert(AVLTree.java:49)
	at AVLTree.insert(AVLTree.java:49)
	at AVLTree.insert(AVLTree.java:49)
	at AVLTree.insert(AVLTree.java:49)
	at AVLTree.insert(AVLTree.java:49)
	at AVLTree.insert(AVLTree.java:49)
	at AVLTree.insert(AVLTree.java:49)
	at AVLTree.insert(AVLTree.java:49)
	at AVLTree.insert(AVLTree.java:49)
	at AVLTree.insert(AVLTree.java:49)
	at AVLTree.insert(AVLTree.java:49)
	at AVLTree.insert(AVLTree.java:49)
	at AVLTree.insert(AVLTree.java:49)
	at AVLTree.insert(AVLTree.java:49)
	at AVLTree.insert(AVLTree.java:49)
	at AVLTree.insert(AVLTree.java:49)
	at AVLTree.insert(AVLTree.java:49)
	at AVLTree.insert(AVLTree.java:49)
	at AVLTree.insert(AVLTree.java:49)
	at AVLTree.insert(AVLTree.java:49)
	at AVLTree.insert(AVLTree.java:49)
	at AVLTree.insert(AVLTree.java:49)
	at AVLTree.insert(AVLTree.java:49)
	at AVLTree.insert(AVLTree.java:49)
	at AVLTree.insert(AVLTree.java:49)
	at AVLTree.insert(AVLTree.java:49)
	at AVLTree.insert(AVLTree.java:49)
	at AVLTree.insert(AVLTree.java:49)
	at AVLTree.insert(AVLTree.java:49)
	at AVLTree.insert(AVLTree.java:49)
	at AVLTree.insert(AVLTree.java:49)
	at AVLTree.insert(AVLTree.java:49)
	at AVLTree.insert(AVLTree.java:49)
	at AVLTree.insert(AVLTree.java:49)
	at AVLTree.insert(AVLTree.java:49)
	at AVLTree.insert(AVLTree.java:49)
	at AVLTree.insert(AVLTree.java:49)
	at AVLTree.insert(AVLTree.java:49)
	at AVLTree.insert(AVLTree.java:49)
	at AVLTree.insert(AVLTree.java:49)
	at AVLTree.insert(AVLTree.java:49)
	at AVLTree.insert(AVLTree.java:49)
	at AVLTree.insert(AVLTree.java:49)
	at AVLTree.insert(AVLTree.java:49)
	at AVLTree.insert(AVLTree.java:49)
	at AVLTree.insert(AVLTree.java:49)
	at AVLTree.insert(AVLTree.java:49)
	at AVLTree.insert(AVLTree.java:49)
	at AVLTree.insert(AVLTree.java:49)
	at AVLTree.insert(AVLTree.java:49)
	at AVLTree.insert(AVLTree.java:49)
	at AVLTree.insert(AVLTree.java:49)
	at AVLTree.insert(AVLTree.java:49)
	at AVLTree.insert(AVLTree.java:49)
	at AVLTree.insert(AVLTree.java:49)
	at AVLTree.insert(AVLTree.java:49)
	at AVLTree.insert(AVLTree.java:49)
	at AVLTree.insert(AVLTree.java:49)
	at AVLTree.insert(AVLTree.java:49)
	at AVLTree.insert(AVLTree.java:49)
	at AVLTree.insert(AVLTree.java:49)
	at AVLTree.insert(AVLTree.java:49)
	at AVLTree.insert(AVLTree.java:49)
	at AVLTree.insert(AVLTree.java:49)
	at AVLTree.insert(AVLTree.java:49)
	at AVLTree.insert(AVLTree.java:49)
	at AVLTree.insert(AVLTree.java:49)
	at AVLTree.insert(AVLTree.java:49)
	at AVLTree.insert(AVLTree.java:49)
	at AVLTree.insert(AVLTree.java:49)
	at AVLTree.insert(AVLTree.java:49)
	at AVLTree.insert(AVLTree.java:49)
	at AVLTree.insert(AVLTree.java:49)
	at AVLTree.insert(AVLTree.java:49)
	at AVLTree.insert(AVLTree.java:49)
	at AVLTree.insert(AVLTree.java:49)
	at AVLTree.insert(AVLTree.java:49)
	at AVLTree.insert(AVLTree.java:49)
	at AVLTree.insert(AVLTree.java:49)
	at AVLTree.insert(AVLTree.java:49)
	at AVLTree.insert(AVLTree.java:49)
	at AVLTree.insert(AVLTree.java:49)
	at AVLTree.insert(AVLTree.java:49)
	at AVLTree.insert(AVLTree.java:49)
	at AVLTree.insert(AVLTree.java:49)
	at AVLTree.insert(AVLTree.java:49)
	at AVLTree.insert(AVLTree.java:49)
	at AVLTree.insert(AVLTree.java:49)
	at AVLTree.insert(AVLTree.java:49)
	at AVLTree.insert(AVLTree.java:49)
	at AVLTree.insert(AVLTree.java:49)
	at AVLTree.insert(AVLTree.java:49)
	at AVLTree.insert(AVLTree.java:49)
	at AVLTree.insert(AVLTree.java:49)
	at AVLTree.insert(AVLTree.java:49)
	at AVLTree.insert(AVLTree.java:49)
	at AVLTree.insert(AVLTree.java:49)
	at AVLTree.insert(AVLTree.java:49)
	at AVLTree.insert(AVLTree.java:49)
	at AVLTree.insert(AVLTree.java:49)
	at AVLTree.insert(AVLTree.java:49)
	at AVLTree.insert(AVLTree.java:49)
	at AVLTree.insert(AVLTree.java:49)
	at AVLTree.insert(AVLTree.java:49)
	at AVLTree.insert(AVLTree.java:49)
	at AVLTree.insert(AVLTree.java:49)
	at AVLTree.insert(AVLTree.java:49)
	at AVLTree.insert(AVLTree.java:49)
	at AVLTree.insert(AVLTree.java:49)
	at AVLTree.insert(AVLTree.java:49)
	at AVLTree.insert(AVLTree.java:49)
	at AVLTree.insert(AVLTree.java:49)
	at AVLTree.insert(AVLTree.java:49)
	at AVLTree.insert(AVLTree.java:49)
	at AVLTree.insert(AVLTree.java:49)
	at AVLTree.insert(AVLTree.java:49)
	at AVLTree.insert(AVLTree.java:49)
	at AVLTree.insert(AVLTree.java:49)
	at AVLTree.insert(AVLTree.java:49)
	at AVLTree.insert(AVLTree.java:49)
	at AVLTree.insert(AVLTree.java:49)
	at AVLTree.insert(AVLTree.java:49)

