-------------------------------------------------------------------------------
Test set: AVLTree_ESTest
-------------------------------------------------------------------------------
Tests run: 32, Failures: 0, Errors: 1, Skipped: 0, Time elapsed: 3.428 sec <<< FAILURE!
test06(AVLTree_ESTest)  Time elapsed: 0.025 sec  <<< ERROR!
java.lang.StackOverflowError
	at AVLTree.insert(AVLTree.java:44)
	at AVLTree.insert(AVLTree.java:49)
	at AVLTree.insert(AVLTree.java:49)
	at AVLTree.insert(AVLTree.java:49)
	at AVLTree.insert(AVLTree.java:49)
	at AVLTree.insert(AVLTree.java:49)
	at AVLTree.insert(AVLTree.java:49)
	at AVLTree.insert(AVLTree.java:49)
	at AVLTree.insert(AVLTree.java:49)
	at AVLTree.insert(AVLTree.java:49)
	at AVLTree.insert(AVLTree.java:49)
	at AVLTree.insert(AVLTree.java:49)
	at AVLTree.insert(AVLTree.java:49)
	at AVLTree.insert(AVLTree.java:49)
	at AVLTree.insert(AVLTree.java:49)
	at AVLTree.insert(AVLTree.java:49)
	at AVLTree.insert(AVLTree.java:49)
	at AVLTree.insert(AVLTree.java:49)
	at AVLTree.insert(AVLTree.java:49)
	at AVLTree.insert(AVLTree.java:49)
	at AVLTree.insert(AVLTree.java:49)
	at AVLTree.insert(AVLTree.java:49)
	at AVLTree.insert(AVLTree.java:49)
	at AVLTree.insert(AVLTree.java:49)
	at AVLTree.insert(AVLTree.java:49)
	at AVLTree.insert(AVLTree.java:49)
	at AVLTree.insert(AVLTree.java:49)
	at AVLTree.insert(AVLTree.java:49)
	at AVLTree.insert(AVLTree.java:49)
	at AVLTree.insert(AVLTree.java:49)
	at AVLTree.insert(AVLTree.java:49)
	at AVLTree.insert(AVLTree.java:49)
	at AVLTree.insert(AVLTree.java:49)
	at AVLTree.insert(AVLTree.java:49)
	at AVLTree.insert(AVLTree.java:49)
	at AVLTree.insert(AVLTree.java:49)
	at AVLTree.insert(AVLTree.java:49)
	at AVLTree.insert(AVLTree.java:49)
	at AVLTree.insert(AVLTree.java:49)
	at AVLTree.insert(AVLTree.java:49)
	at AVLTree.insert(AVLTree.java:49)
	at AVLTree.insert(AVLTree.java:49)
	at AVLTree.insert(AVLTree.java:49)
	at AVLTree.insert(AVLTree.java:49)
	at AVLTree.insert(AVLTree.java:49)
	at AVLTree.insert(AVLTree.java:49)
	at AVLTree.insert(AVLTree.java:49)
	at AVLTree.insert(AVLTree.java:49)
	at AVLTree.insert(AVLTree.java:49)
	at AVLTree.insert(AVLTree.java:49)
	at AVLTree.insert(AVLTree.java:49)
	at AVLTree.insert(AVLTree.java:49)
	at AVLTree.insert(AVLTree.java:49)
	at AVLTree.insert(AVLTree.java:49)
	at AVLTree.insert(AVLTree.java:49)
	at AVLTree.insert(AVLTree.java:49)
	at AVLTree.insert(AVLTree.java:49)
	at AVLTree.insert(AVLTree.java:49)
	at AVLTree.insert(AVLTree.java:49)
	at AVLTree.insert(AVLTree.java:49)
	at AVLTree.insert(AVLTree.java:49)
	at AVLTree.insert(AVLTree.java:49)
	at AVLTree.insert(AVLTree.java:49)
	at AVLTree.insert(AVLTree.java:49)
	at AVLTree.insert(AVLTree.java:49)
	at AVLTree.insert(AVLTree.java:49)
	at AVLTree.insert(AVLTree.java:49)
	at AVLTree.insert(AVLTree.java:49)
	at AVLTree.insert(AVLTree.java:49)
	at AVLTree.insert(AVLTree.java:49)
	at AVLTree.insert(AVLTree.java:49)
	at AVLTree.insert(AVLTree.java:49)
	at AVLTree.insert(AVLTree.java:49)
	at AVLTree.insert(AVLTree.java:49)
	at AVLTree.insert(AVLTree.java:49)
	at AVLTree.insert(AVLTree.java:49)
	at AVLTree.insert(AVLTree.java:49)
	at AVLTree.insert(AVLTree.java:49)
	at AVLTree.insert(AVLTree.java:49)
	at AVLTree.insert(AVLTree.java:49)
	at AVLTree.insert(AVLTree.java:49)
	at AVLTree.insert(AVLTree.java:49)
	at AVLTree.insert(AVLTree.java:49)
	at AVLTree.insert(AVLTree.java:49)
	at AVLTree.insert(AVLTree.java:49)
	at AVLTree.insert(AVLTree.java:49)
	at AVLTree.insert(AVLTree.java:49)
	at AVLTree.insert(AVLTree.java:49)
	at AVLTree.insert(AVLTree.java:49)
	at AVLTree.insert(AVLTree.java:49)
	at AVLTree.insert(AVLTree.java:49)
	at AVLTree.insert(AVLTree.java:49)
	at AVLTree.insert(AVLTree.java:49)
	at AVLTree.insert(AVLTree.java:49)
	at AVLTree.insert(AVLTree.java:49)
	at AVLTree.insert(AVLTree.java:49)
	at AVLTree.insert(AVLTree.java:49)
	at AVLTree.insert(AVLTree.java:49)
	at AVLTree.insert(AVLTree.java:49)
	at AVLTree.insert(AVLTree.java:49)
	at AVLTree.insert(AVLTree.java:49)
	at AVLTree.insert(AVLTree.java:49)
	at AVLTree.insert(AVLTree.java:49)
	at AVLTree.insert(AVLTree.java:49)
	at AVLTree.insert(AVLTree.java:49)
	at AVLTree.insert(AVLTree.java:49)
	at AVLTree.insert(AVLTree.java:49)
	at AVLTree.insert(AVLTree.java:49)
	at AVLTree.insert(AVLTree.java:49)
	at AVLTree.insert(AVLTree.java:49)
	at AVLTree.insert(AVLTree.java:49)
	at AVLTree.insert(AVLTree.java:49)
	at AVLTree.insert(AVLTree.java:49)
	at AVLTree.insert(AVLTree.java:49)
	at AVLTree.insert(AVLTree.java:49)
	at AVLTree.insert(AVLTree.java:49)
	at AVLTree.insert(AVLTree.java:49)
	at AVLTree.insert(AVLTree.java:49)
	at AVLTree.insert(AVLTree.java:49)
	at AVLTree.insert(AVLTree.java:49)
	at AVLTree.insert(AVLTree.java:49)
	at AVLTree.insert(AVLTree.java:49)
	at AVLTree.insert(AVLTree.java:49)
	at AVLTree.insert(AVLTree.java:49)
	at AVLTree.insert(AVLTree.java:49)
	at AVLTree.insert(AVLTree.java:49)
	at AVLTree.insert(AVLTree.java:49)
	at AVLTree.insert(AVLTree.java:49)
	at AVLTree.insert(AVLTree.java:49)
	at AVLTree.insert(AVLTree.java:49)
	at AVLTree.insert(AVLTree.java:49)
	at AVLTree.insert(AVLTree.java:49)
	at AVLTree.insert(AVLTree.java:49)
	at AVLTree.insert(AVLTree.java:49)
	at AVLTree.insert(AVLTree.java:49)
	at AVLTree.insert(AVLTree.java:49)
	at AVLTree.insert(AVLTree.java:49)
	at AVLTree.insert(AVLTree.java:49)
	at AVLTree.insert(AVLTree.java:49)
	at AVLTree.insert(AVLTree.java:49)
	at AVLTree.insert(AVLTree.java:49)
	at AVLTree.insert(AVLTree.java:49)
	at AVLTree.insert(AVLTree.java:49)
	at AVLTree.insert(AVLTree.java:49)
	at AVLTree.insert(AVLTree.java:49)
	at AVLTree.insert(AVLTree.java:49)
	at AVLTree.insert(AVLTree.java:49)
	at AVLTree.insert(AVLTree.java:49)
	at AVLTree.insert(AVLTree.java:49)
	at AVLTree.insert(AVLTree.java:49)
	at AVLTree.insert(AVLTree.java:49)
	at AVLTree.insert(AVLTree.java:49)
	at AVLTree.insert(AVLTree.java:49)
	at AVLTree.insert(AVLTree.java:49)
	at AVLTree.insert(AVLTree.java:49)
	at AVLTree.insert(AVLTree.java:49)
	at AVLTree.insert(AVLTree.java:49)
	at AVLTree.insert(AVLTree.java:49)
	at AVLTree.insert(AVLTree.java:49)
	at AVLTree.insert(AVLTree.java:49)
	at AVLTree.insert(AVLTree.java:49)
	at AVLTree.insert(AVLTree.java:49)
	at AVLTree.insert(AVLTree.java:49)
	at AVLTree.insert(AVLTree.java:49)
	at AVLTree.insert(AVLTree.java:49)
	at AVLTree.insert(AVLTree.java:49)
	at AVLTree.insert(AVLTree.java:49)
	at AVLTree.insert(AVLTree.java:49)
	at AVLTree.insert(AVLTree.java:49)
	at AVLTree.insert(AVLTree.java:49)
	at AVLTree.insert(AVLTree.java:49)
	at AVLTree.insert(AVLTree.java:49)
	at AVLTree.insert(AVLTree.java:49)
	at AVLTree.insert(AVLTree.java:49)
	at AVLTree.insert(AVLTree.java:49)
	at AVLTree.insert(AVLTree.java:49)
	at AVLTree.insert(AVLTree.java:49)
	at AVLTree.insert(AVLTree.java:49)
	at AVLTree.insert(AVLTree.java:49)
	at AVLTree.insert(AVLTree.java:49)
	at AVLTree.insert(AVLTree.java:49)
	at AVLTree.insert(AVLTree.java:49)
	at AVLTree.insert(AVLTree.java:49)
	at AVLTree.insert(AVLTree.java:49)
	at AVLTree.insert(AVLTree.java:49)
	at AVLTree.insert(AVLTree.java:49)
	at AVLTree.insert(AVLTree.java:49)
	at AVLTree.insert(AVLTree.java:49)
	at AVLTree.insert(AVLTree.java:49)
	at AVLTree.insert(AVLTree.java:49)
	at AVLTree.insert(AVLTree.java:49)
	at AVLTree.insert(AVLTree.java:49)
	at AVLTree.insert(AVLTree.java:49)
	at AVLTree.insert(AVLTree.java:49)
	at AVLTree.insert(AVLTree.java:49)
	at AVLTree.insert(AVLTree.java:49)
	at AVLTree.insert(AVLTree.java:49)
	at AVLTree.insert(AVLTree.java:49)
	at AVLTree.insert(AVLTree.java:49)
	at AVLTree.insert(AVLTree.java:49)
	at AVLTree.insert(AVLTree.java:49)
	at AVLTree.insert(AVLTree.java:49)
	at AVLTree.insert(AVLTree.java:49)
	at AVLTree.insert(AVLTree.java:49)
	at AVLTree.insert(AVLTree.java:49)
	at AVLTree.insert(AVLTree.java:49)
	at AVLTree.insert(AVLTree.java:49)
	at AVLTree.insert(AVLTree.java:49)
	at AVLTree.insert(AVLTree.java:49)
	at AVLTree.insert(AVLTree.java:49)
	at AVLTree.insert(AVLTree.java:49)
	at AVLTree.insert(AVLTree.java:49)
	at AVLTree.insert(AVLTree.java:49)
	at AVLTree.insert(AVLTree.java:49)
	at AVLTree.insert(AVLTree.java:49)
	at AVLTree.insert(AVLTree.java:49)
	at AVLTree.insert(AVLTree.java:49)
	at AVLTree.insert(AVLTree.java:49)
	at AVLTree.insert(AVLTree.java:49)
	at AVLTree.insert(AVLTree.java:49)
	at AVLTree.insert(AVLTree.java:49)
	at AVLTree.insert(AVLTree.java:49)
	at AVLTree.insert(AVLTree.java:49)
	at AVLTree.insert(AVLTree.java:49)
	at AVLTree.insert(AVLTree.java:49)
	at AVLTree.insert(AVLTree.java:49)
	at AVLTree.insert(AVLTree.java:49)
	at AVLTree.insert(AVLTree.java:49)
	at AVLTree.insert(AVLTree.java:49)
	at AVLTree.insert(AVLTree.java:49)
	at AVLTree.insert(AVLTree.java:49)
	at AVLTree.insert(AVLTree.java:49)
	at AVLTree.insert(AVLTree.java:49)
	at AVLTree.insert(AVLTree.java:49)
	at AVLTree.insert(AVLTree.java:49)
	at AVLTree.insert(AVLTree.java:49)
	at AVLTree.insert(AVLTree.java:49)
	at AVLTree.insert(AVLTree.java:49)
	at AVLTree.insert(AVLTree.java:49)
	at AVLTree.insert(AVLTree.java:49)
	at AVLTree.insert(AVLTree.java:49)
	at AVLTree.insert(AVLTree.java:49)
	at AVLTree.insert(AVLTree.java:49)
	at AVLTree.insert(AVLTree.java:49)
	at AVLTree.insert(AVLTree.java:49)
	at AVLTree.insert(AVLTree.java:49)
	at AVLTree.insert(AVLTree.java:49)
	at AVLTree.insert(AVLTree.java:49)
	at AVLTree.insert(AVLTree.java:49)
	at AVLTree.insert(AVLTree.java:49)
	at AVLTree.insert(AVLTree.java:49)
	at AVLTree.insert(AVLTree.java:49)
	at AVLTree.insert(AVLTree.java:49)
	at AVLTree.insert(AVLTree.java:49)
	at AVLTree.insert(AVLTree.java:49)
	at AVLTree.insert(AVLTree.java:49)
	at AVLTree.insert(AVLTree.java:49)
	at AVLTree.insert(AVLTree.java:49)
	at AVLTree.insert(AVLTree.java:49)
	at AVLTree.insert(AVLTree.java:49)
	at AVLTree.insert(AVLTree.java:49)
	at AVLTree.insert(AVLTree.java:49)
	at AVLTree.insert(AVLTree.java:49)
	at AVLTree.insert(AVLTree.java:49)
	at AVLTree.insert(AVLTree.java:49)
	at AVLTree.insert(AVLTree.java:49)
	at AVLTree.insert(AVLTree.java:49)
	at AVLTree.insert(AVLTree.java:49)
	at AVLTree.insert(AVLTree.java:49)
	at AVLTree.insert(AVLTree.java:49)
	at AVLTree.insert(AVLTree.java:49)
	at AVLTree.insert(AVLTree.java:49)
	at AVLTree.insert(AVLTree.java:49)
	at AVLTree.insert(AVLTree.java:49)
	at AVLTree.insert(AVLTree.java:49)
	at AVLTree.insert(AVLTree.java:49)
	at AVLTree.insert(AVLTree.java:49)
	at AVLTree.insert(AVLTree.java:49)
	at AVLTree.insert(AVLTree.java:49)
	at AVLTree.insert(AVLTree.java:49)
	at AVLTree.insert(AVLTree.java:49)
	at AVLTree.insert(AVLTree.java:49)
	at AVLTree.insert(AVLTree.java:49)
	at AVLTree.insert(AVLTree.java:49)
	at AVLTree.insert(AVLTree.java:49)
	at AVLTree.insert(AVLTree.java:49)
	at AVLTree.insert(AVLTree.java:49)
	at AVLTree.insert(AVLTree.java:49)
	at AVLTree.insert(AVLTree.java:49)
	at AVLTree.insert(AVLTree.java:49)
	at AVLTree.insert(AVLTree.java:49)
	at AVLTree.insert(AVLTree.java:49)
	at AVLTree.insert(AVLTree.java:49)
	at AVLTree.insert(AVLTree.java:49)
	at AVLTree.insert(AVLTree.java:49)
	at AVLTree.insert(AVLTree.java:49)
	at AVLTree.insert(AVLTree.java:49)
	at AVLTree.insert(AVLTree.java:49)
	at AVLTree.insert(AVLTree.java:49)
	at AVLTree.insert(AVLTree.java:49)
	at AVLTree.insert(AVLTree.java:49)
	at AVLTree.insert(AVLTree.java:49)
	at AVLTree.insert(AVLTree.java:49)
	at AVLTree.insert(AVLTree.java:49)
	at AVLTree.insert(AVLTree.java:49)
	at AVLTree.insert(AVLTree.java:49)
	at AVLTree.insert(AVLTree.java:49)
	at AVLTree.insert(AVLTree.java:49)
	at AVLTree.insert(AVLTree.java:49)
	at AVLTree.insert(AVLTree.java:49)
	at AVLTree.insert(AVLTree.java:49)
	at AVLTree.insert(AVLTree.java:49)
	at AVLTree.insert(AVLTree.java:49)
	at AVLTree.insert(AVLTree.java:49)
	at AVLTree.insert(AVLTree.java:49)
	at AVLTree.insert(AVLTree.java:49)
	at AVLTree.insert(AVLTree.java:49)
	at AVLTree.insert(AVLTree.java:49)
	at AVLTree.insert(AVLTree.java:49)
	at AVLTree.insert(AVLTree.java:49)
	at AVLTree.insert(AVLTree.java:49)
	at AVLTree.insert(AVLTree.java:49)
	at AVLTree.insert(AVLTree.java:49)
	at AVLTree.insert(AVLTree.java:49)
	at AVLTree.insert(AVLTree.java:49)
	at AVLTree.insert(AVLTree.java:49)
	at AVLTree.insert(AVLTree.java:49)
	at AVLTree.insert(AVLTree.java:49)
	at AVLTree.insert(AVLTree.java:49)
	at AVLTree.insert(AVLTree.java:49)
	at AVLTree.insert(AVLTree.java:49)
	at AVLTree.insert(AVLTree.java:49)
	at AVLTree.insert(AVLTree.java:49)
	at AVLTree.insert(AVLTree.java:49)
	at AVLTree.insert(AVLTree.java:49)
	at AVLTree.insert(AVLTree.java:49)
	at AVLTree.insert(AVLTree.java:49)
	at AVLTree.insert(AVLTree.java:49)
	at AVLTree.insert(AVLTree.java:49)
	at AVLTree.insert(AVLTree.java:49)
	at AVLTree.insert(AVLTree.java:49)
	at AVLTree.insert(AVLTree.java:49)
	at AVLTree.insert(AVLTree.java:49)
	at AVLTree.insert(AVLTree.java:49)
	at AVLTree.insert(AVLTree.java:49)
	at AVLTree.insert(AVLTree.java:49)
	at AVLTree.insert(AVLTree.java:49)
	at AVLTree.insert(AVLTree.java:49)
	at AVLTree.insert(AVLTree.java:49)
	at AVLTree.insert(AVLTree.java:49)
	at AVLTree.insert(AVLTree.java:49)
	at AVLTree.insert(AVLTree.java:49)
	at AVLTree.insert(AVLTree.java:49)
	at AVLTree.insert(AVLTree.java:49)
	at AVLTree.insert(AVLTree.java:49)
	at AVLTree.insert(AVLTree.java:49)
	at AVLTree.insert(AVLTree.java:49)
	at AVLTree.insert(AVLTree.java:49)
	at AVLTree.insert(AVLTree.java:49)
	at AVLTree.insert(AVLTree.java:49)
	at AVLTree.insert(AVLTree.java:49)
	at AVLTree.insert(AVLTree.java:49)
	at AVLTree.insert(AVLTree.java:49)
	at AVLTree.insert(AVLTree.java:49)
	at AVLTree.insert(AVLTree.java:49)
	at AVLTree.insert(AVLTree.java:49)
	at AVLTree.insert(AVLTree.java:49)
	at AVLTree.insert(AVLTree.java:49)
	at AVLTree.insert(AVLTree.java:49)
	at AVLTree.insert(AVLTree.java:49)
	at AVLTree.insert(AVLTree.java:49)
	at AVLTree.insert(AVLTree.java:49)
	at AVLTree.insert(AVLTree.java:49)
	at AVLTree.insert(AVLTree.java:49)
	at AVLTree.insert(AVLTree.java:49)
	at AVLTree.insert(AVLTree.java:49)
	at AVLTree.insert(AVLTree.java:49)
	at AVLTree.insert(AVLTree.java:49)
	at AVLTree.insert(AVLTree.java:49)
	at AVLTree.insert(AVLTree.java:49)
	at AVLTree.insert(AVLTree.java:49)
	at AVLTree.insert(AVLTree.java:49)
	at AVLTree.insert(AVLTree.java:49)
	at AVLTree.insert(AVLTree.java:49)
	at AVLTree.insert(AVLTree.java:49)
	at AVLTree.insert(AVLTree.java:49)
	at AVLTree.insert(AVLTree.java:49)
	at AVLTree.insert(AVLTree.java:49)
	at AVLTree.insert(AVLTree.java:49)
	at AVLTree.insert(AVLTree.java:49)
	at AVLTree.insert(AVLTree.java:49)
	at AVLTree.insert(AVLTree.java:49)
	at AVLTree.insert(AVLTree.java:49)
	at AVLTree.insert(AVLTree.java:49)
	at AVLTree.insert(AVLTree.java:49)
	at AVLTree.insert(AVLTree.java:49)
	at AVLTree.insert(AVLTree.java:49)
	at AVLTree.insert(AVLTree.java:49)
	at AVLTree.insert(AVLTree.java:49)
	at AVLTree.insert(AVLTree.java:49)
	at AVLTree.insert(AVLTree.java:49)
	at AVLTree.insert(AVLTree.java:49)
	at AVLTree.insert(AVLTree.java:49)
	at AVLTree.insert(AVLTree.java:49)
	at AVLTree.insert(AVLTree.java:49)
	at AVLTree.insert(AVLTree.java:49)
	at AVLTree.insert(AVLTree.java:49)
	at AVLTree.insert(AVLTree.java:49)
	at AVLTree.insert(AVLTree.java:49)
	at AVLTree.insert(AVLTree.java:49)
	at AVLTree.insert(AVLTree.java:49)
	at AVLTree.insert(AVLTree.java:49)
	at AVLTree.insert(AVLTree.java:49)
	at AVLTree.insert(AVLTree.java:49)
	at AVLTree.insert(AVLTree.java:49)
	at AVLTree.insert(AVLTree.java:49)
	at AVLTree.insert(AVLTree.java:49)
	at AVLTree.insert(AVLTree.java:49)
	at AVLTree.insert(AVLTree.java:49)
	at AVLTree.insert(AVLTree.java:49)
	at AVLTree.insert(AVLTree.java:49)
	at AVLTree.insert(AVLTree.java:49)
	at AVLTree.insert(AVLTree.java:49)
	at AVLTree.insert(AVLTree.java:49)
	at AVLTree.insert(AVLTree.java:49)
	at AVLTree.insert(AVLTree.java:49)
	at AVLTree.insert(AVLTree.java:49)
	at AVLTree.insert(AVLTree.java:49)
	at AVLTree.insert(AVLTree.java:49)
	at AVLTree.insert(AVLTree.java:49)
	at AVLTree.insert(AVLTree.java:49)
	at AVLTree.insert(AVLTree.java:49)
	at AVLTree.insert(AVLTree.java:49)
	at AVLTree.insert(AVLTree.java:49)
	at AVLTree.insert(AVLTree.java:49)
	at AVLTree.insert(AVLTree.java:49)
	at AVLTree.insert(AVLTree.java:49)
	at AVLTree.insert(AVLTree.java:49)
	at AVLTree.insert(AVLTree.java:49)
	at AVLTree.insert(AVLTree.java:49)
	at AVLTree.insert(AVLTree.java:49)
	at AVLTree.insert(AVLTree.java:49)
	at AVLTree.insert(AVLTree.java:49)
	at AVLTree.insert(AVLTree.java:49)
	at AVLTree.insert(AVLTree.java:49)
	at AVLTree.insert(AVLTree.java:49)
	at AVLTree.insert(AVLTree.java:49)
	at AVLTree.insert(AVLTree.java:49)
	at AVLTree.insert(AVLTree.java:49)
	at AVLTree.insert(AVLTree.java:49)
	at AVLTree.insert(AVLTree.java:49)
	at AVLTree.insert(AVLTree.java:49)
	at AVLTree.insert(AVLTree.java:49)
	at AVLTree.insert(AVLTree.java:49)
	at AVLTree.insert(AVLTree.java:49)
	at AVLTree.insert(AVLTree.java:49)
	at AVLTree.insert(AVLTree.java:49)
	at AVLTree.insert(AVLTree.java:49)
	at AVLTree.insert(AVLTree.java:49)
	at AVLTree.insert(AVLTree.java:49)
	at AVLTree.insert(AVLTree.java:49)
	at AVLTree.insert(AVLTree.java:49)
	at AVLTree.insert(AVLTree.java:49)
	at AVLTree.insert(AVLTree.java:49)
	at AVLTree.insert(AVLTree.java:49)
	at AVLTree.insert(AVLTree.java:49)
	at AVLTree.insert(AVLTree.java:49)
	at AVLTree.insert(AVLTree.java:49)
	at AVLTree.insert(AVLTree.java:49)
	at AVLTree.insert(AVLTree.java:49)
	at AVLTree.insert(AVLTree.java:49)
	at AVLTree.insert(AVLTree.java:49)
	at AVLTree.insert(AVLTree.java:49)
	at AVLTree.insert(AVLTree.java:49)
	at AVLTree.insert(AVLTree.java:49)
	at AVLTree.insert(AVLTree.java:49)
	at AVLTree.insert(AVLTree.java:49)
	at AVLTree.insert(AVLTree.java:49)
	at AVLTree.insert(AVLTree.java:49)
	at AVLTree.insert(AVLTree.java:49)
	at AVLTree.insert(AVLTree.java:49)
	at AVLTree.insert(AVLTree.java:49)
	at AVLTree.insert(AVLTree.java:49)
	at AVLTree.insert(AVLTree.java:49)
	at AVLTree.insert(AVLTree.java:49)
	at AVLTree.insert(AVLTree.java:49)
	at AVLTree.insert(AVLTree.java:49)
	at AVLTree.insert(AVLTree.java:49)
	at AVLTree.insert(AVLTree.java:49)
	at AVLTree.insert(AVLTree.java:49)
	at AVLTree.insert(AVLTree.java:49)
	at AVLTree.insert(AVLTree.java:49)
	at AVLTree.insert(AVLTree.java:49)
	at AVLTree.insert(AVLTree.java:49)
	at AVLTree.insert(AVLTree.java:49)
	at AVLTree.insert(AVLTree.java:49)
	at AVLTree.insert(AVLTree.java:49)
	at AVLTree.insert(AVLTree.java:49)
	at AVLTree.insert(AVLTree.java:49)
	at AVLTree.insert(AVLTree.java:49)
	at AVLTree.insert(AVLTree.java:49)
	at AVLTree.insert(AVLTree.java:49)
	at AVLTree.insert(AVLTree.java:49)
	at AVLTree.insert(AVLTree.java:49)
	at AVLTree.insert(AVLTree.java:49)
	at AVLTree.insert(AVLTree.java:49)
	at AVLTree.insert(AVLTree.java:49)
	at AVLTree.insert(AVLTree.java:49)
	at AVLTree.insert(AVLTree.java:49)
	at AVLTree.insert(AVLTree.java:49)
	at AVLTree.insert(AVLTree.java:49)
	at AVLTree.insert(AVLTree.java:49)
	at AVLTree.insert(AVLTree.java:49)
	at AVLTree.insert(AVLTree.java:49)
	at AVLTree.insert(AVLTree.java:49)
	at AVLTree.insert(AVLTree.java:49)
	at AVLTree.insert(AVLTree.java:49)
	at AVLTree.insert(AVLTree.java:49)
	at AVLTree.insert(AVLTree.java:49)
	at AVLTree.insert(AVLTree.java:49)
	at AVLTree.insert(AVLTree.java:49)
	at AVLTree.insert(AVLTree.java:49)
	at AVLTree.insert(AVLTree.java:49)
	at AVLTree.insert(AVLTree.java:49)
	at AVLTree.insert(AVLTree.java:49)
	at AVLTree.insert(AVLTree.java:49)
	at AVLTree.insert(AVLTree.java:49)
	at AVLTree.insert(AVLTree.java:49)
	at AVLTree.insert(AVLTree.java:49)
	at AVLTree.insert(AVLTree.java:49)
	at AVLTree.insert(AVLTree.java:49)
	at AVLTree.insert(AVLTree.java:49)
	at AVLTree.insert(AVLTree.java:49)
	at AVLTree.insert(AVLTree.java:49)
	at AVLTree.insert(AVLTree.java:49)
	at AVLTree.insert(AVLTree.java:49)
	at AVLTree.insert(AVLTree.java:49)
	at AVLTree.insert(AVLTree.java:49)
	at AVLTree.insert(AVLTree.java:49)
	at AVLTree.insert(AVLTree.java:49)
	at AVLTree.insert(AVLTree.java:49)
	at AVLTree.insert(AVLTree.java:49)
	at AVLTree.insert(AVLTree.java:49)
	at AVLTree.insert(AVLTree.java:49)
	at AVLTree.insert(AVLTree.java:49)
	at AVLTree.insert(AVLTree.java:49)
	at AVLTree.insert(AVLTree.java:49)
	at AVLTree.insert(AVLTree.java:49)
	at AVLTree.insert(AVLTree.java:49)
	at AVLTree.insert(AVLTree.java:49)
	at AVLTree.insert(AVLTree.java:49)
	at AVLTree.insert(AVLTree.java:49)
	at AVLTree.insert(AVLTree.java:49)
	at AVLTree.insert(AVLTree.java:49)
	at AVLTree.insert(AVLTree.java:49)
	at AVLTree.insert(AVLTree.java:49)
	at AVLTree.insert(AVLTree.java:49)
	at AVLTree.insert(AVLTree.java:49)
	at AVLTree.insert(AVLTree.java:49)
	at AVLTree.insert(AVLTree.java:49)
	at AVLTree.insert(AVLTree.java:49)
	at AVLTree.insert(AVLTree.java:49)
	at AVLTree.insert(AVLTree.java:49)
	at AVLTree.insert(AVLTree.java:49)
	at AVLTree.insert(AVLTree.java:49)
	at AVLTree.insert(AVLTree.java:49)
	at AVLTree.insert(AVLTree.java:49)
	at AVLTree.insert(AVLTree.java:49)
	at AVLTree.insert(AVLTree.java:49)
	at AVLTree.insert(AVLTree.java:49)
	at AVLTree.insert(AVLTree.java:49)
	at AVLTree.insert(AVLTree.java:49)
	at AVLTree.insert(AVLTree.java:49)
	at AVLTree.insert(AVLTree.java:49)
	at AVLTree.insert(AVLTree.java:49)
	at AVLTree.insert(AVLTree.java:49)
	at AVLTree.insert(AVLTree.java:49)
	at AVLTree.insert(AVLTree.java:49)
	at AVLTree.insert(AVLTree.java:49)
	at AVLTree.insert(AVLTree.java:49)
	at AVLTree.insert(AVLTree.java:49)
	at AVLTree.insert(AVLTree.java:49)
	at AVLTree.insert(AVLTree.java:49)
	at AVLTree.insert(AVLTree.java:49)
	at AVLTree.insert(AVLTree.java:49)
	at AVLTree.insert(AVLTree.java:49)
	at AVLTree.insert(AVLTree.java:49)
	at AVLTree.insert(AVLTree.java:49)
	at AVLTree.insert(AVLTree.java:49)
	at AVLTree.insert(AVLTree.java:49)
	at AVLTree.insert(AVLTree.java:49)
	at AVLTree.insert(AVLTree.java:49)
	at AVLTree.insert(AVLTree.java:49)
	at AVLTree.insert(AVLTree.java:49)
	at AVLTree.insert(AVLTree.java:49)
	at AVLTree.insert(AVLTree.java:49)
	at AVLTree.insert(AVLTree.java:49)
	at AVLTree.insert(AVLTree.java:49)
	at AVLTree.insert(AVLTree.java:49)
	at AVLTree.insert(AVLTree.java:49)
	at AVLTree.insert(AVLTree.java:49)
	at AVLTree.insert(AVLTree.java:49)
	at AVLTree.insert(AVLTree.java:49)
	at AVLTree.insert(AVLTree.java:49)
	at AVLTree.insert(AVLTree.java:49)
	at AVLTree.insert(AVLTree.java:49)
	at AVLTree.insert(AVLTree.java:49)
	at AVLTree.insert(AVLTree.java:49)
	at AVLTree.insert(AVLTree.java:49)
	at AVLTree.insert(AVLTree.java:49)
	at AVLTree.insert(AVLTree.java:49)
	at AVLTree.insert(AVLTree.java:49)
	at AVLTree.insert(AVLTree.java:49)
	at AVLTree.insert(AVLTree.java:49)
	at AVLTree.insert(AVLTree.java:49)
	at AVLTree.insert(AVLTree.java:49)
	at AVLTree.insert(AVLTree.java:49)
	at AVLTree.insert(AVLTree.java:49)
	at AVLTree.insert(AVLTree.java:49)
	at AVLTree.insert(AVLTree.java:49)
	at AVLTree.insert(AVLTree.java:49)
	at AVLTree.insert(AVLTree.java:49)
	at AVLTree.insert(AVLTree.java:49)
	at AVLTree.insert(AVLTree.java:49)
	at AVLTree.insert(AVLTree.java:49)
	at AVLTree.insert(AVLTree.java:49)
	at AVLTree.insert(AVLTree.java:49)
	at AVLTree.insert(AVLTree.java:49)
	at AVLTree.insert(AVLTree.java:49)
	at AVLTree.insert(AVLTree.java:49)
	at AVLTree.insert(AVLTree.java:49)
	at AVLTree.insert(AVLTree.java:49)
	at AVLTree.insert(AVLTree.java:49)
	at AVLTree.insert(AVLTree.java:49)
	at AVLTree.insert(AVLTree.java:49)
	at AVLTree.insert(AVLTree.java:49)
	at AVLTree.insert(AVLTree.java:49)
	at AVLTree.insert(AVLTree.java:49)
	at AVLTree.insert(AVLTree.java:49)
	at AVLTree.insert(AVLTree.java:49)
	at AVLTree.insert(AVLTree.java:49)
	at AVLTree.insert(AVLTree.java:49)
	at AVLTree.insert(AVLTree.java:49)
	at AVLTree.insert(AVLTree.java:49)
	at AVLTree.insert(AVLTree.java:49)
	at AVLTree.insert(AVLTree.java:49)
	at AVLTree.insert(AVLTree.java:49)
	at AVLTree.insert(AVLTree.java:49)
	at AVLTree.insert(AVLTree.java:49)
	at AVLTree.insert(AVLTree.java:49)
	at AVLTree.insert(AVLTree.java:49)
	at AVLTree.insert(AVLTree.java:49)
	at AVLTree.insert(AVLTree.java:49)
	at AVLTree.insert(AVLTree.java:49)
	at AVLTree.insert(AVLTree.java:49)
	at AVLTree.insert(AVLTree.java:49)
	at AVLTree.insert(AVLTree.java:49)
	at AVLTree.insert(AVLTree.java:49)
	at AVLTree.insert(AVLTree.java:49)
	at AVLTree.insert(AVLTree.java:49)
	at AVLTree.insert(AVLTree.java:49)
	at AVLTree.insert(AVLTree.java:49)
	at AVLTree.insert(AVLTree.java:49)
	at AVLTree.insert(AVLTree.java:49)
	at AVLTree.insert(AVLTree.java:49)
	at AVLTree.insert(AVLTree.java:49)
	at AVLTree.insert(AVLTree.java:49)
	at AVLTree.insert(AVLTree.java:49)
	at AVLTree.insert(AVLTree.java:49)
	at AVLTree.insert(AVLTree.java:49)
	at AVLTree.insert(AVLTree.java:49)
	at AVLTree.insert(AVLTree.java:49)
	at AVLTree.insert(AVLTree.java:49)
	at AVLTree.insert(AVLTree.java:49)
	at AVLTree.insert(AVLTree.java:49)
	at AVLTree.insert(AVLTree.java:49)
	at AVLTree.insert(AVLTree.java:49)
	at AVLTree.insert(AVLTree.java:49)
	at AVLTree.insert(AVLTree.java:49)
	at AVLTree.insert(AVLTree.java:49)
	at AVLTree.insert(AVLTree.java:49)
	at AVLTree.insert(AVLTree.java:49)
	at AVLTree.insert(AVLTree.java:49)
	at AVLTree.insert(AVLTree.java:49)
	at AVLTree.insert(AVLTree.java:49)
	at AVLTree.insert(AVLTree.java:49)
	at AVLTree.insert(AVLTree.java:49)
	at AVLTree.insert(AVLTree.java:49)
	at AVLTree.insert(AVLTree.java:49)
	at AVLTree.insert(AVLTree.java:49)
	at AVLTree.insert(AVLTree.java:49)
	at AVLTree.insert(AVLTree.java:49)
	at AVLTree.insert(AVLTree.java:49)
	at AVLTree.insert(AVLTree.java:49)
	at AVLTree.insert(AVLTree.java:49)
	at AVLTree.insert(AVLTree.java:49)
	at AVLTree.insert(AVLTree.java:49)
	at AVLTree.insert(AVLTree.java:49)
	at AVLTree.insert(AVLTree.java:49)
	at AVLTree.insert(AVLTree.java:49)
	at AVLTree.insert(AVLTree.java:49)
	at AVLTree.insert(AVLTree.java:49)
	at AVLTree.insert(AVLTree.java:49)
	at AVLTree.insert(AVLTree.java:49)
	at AVLTree.insert(AVLTree.java:49)
	at AVLTree.insert(AVLTree.java:49)
	at AVLTree.insert(AVLTree.java:49)
	at AVLTree.insert(AVLTree.java:49)
	at AVLTree.insert(AVLTree.java:49)
	at AVLTree.insert(AVLTree.java:49)
	at AVLTree.insert(AVLTree.java:49)
	at AVLTree.insert(AVLTree.java:49)
	at AVLTree.insert(AVLTree.java:49)
	at AVLTree.insert(AVLTree.java:49)
	at AVLTree.insert(AVLTree.java:49)
	at AVLTree.insert(AVLTree.java:49)
	at AVLTree.insert(AVLTree.java:49)
	at AVLTree.insert(AVLTree.java:49)
	at AVLTree.insert(AVLTree.java:49)
	at AVLTree.insert(AVLTree.java:49)
	at AVLTree.insert(AVLTree.java:49)
	at AVLTree.insert(AVLTree.java:49)
	at AVLTree.insert(AVLTree.java:49)
	at AVLTree.insert(AVLTree.java:49)
	at AVLTree.insert(AVLTree.java:49)
	at AVLTree.insert(AVLTree.java:49)
	at AVLTree.insert(AVLTree.java:49)
	at AVLTree.insert(AVLTree.java:49)
	at AVLTree.insert(AVLTree.java:49)
	at AVLTree.insert(AVLTree.java:49)
	at AVLTree.insert(AVLTree.java:49)
	at AVLTree.insert(AVLTree.java:49)
	at AVLTree.insert(AVLTree.java:49)
	at AVLTree.insert(AVLTree.java:49)
	at AVLTree.insert(AVLTree.java:49)
	at AVLTree.insert(AVLTree.java:49)
	at AVLTree.insert(AVLTree.java:49)
	at AVLTree.insert(AVLTree.java:49)
	at AVLTree.insert(AVLTree.java:49)
	at AVLTree.insert(AVLTree.java:49)
	at AVLTree.insert(AVLTree.java:49)
	at AVLTree.insert(AVLTree.java:49)
	at AVLTree.insert(AVLTree.java:49)
	at AVLTree.insert(AVLTree.java:49)
	at AVLTree.insert(AVLTree.java:49)
	at AVLTree.insert(AVLTree.java:49)
	at AVLTree.insert(AVLTree.java:49)
	at AVLTree.insert(AVLTree.java:49)
	at AVLTree.insert(AVLTree.java:49)
	at AVLTree.insert(AVLTree.java:49)
	at AVLTree.insert(AVLTree.java:49)
	at AVLTree.insert(AVLTree.java:49)
	at AVLTree.insert(AVLTree.java:49)
	at AVLTree.insert(AVLTree.java:49)
	at AVLTree.insert(AVLTree.java:49)
	at AVLTree.insert(AVLTree.java:49)
	at AVLTree.insert(AVLTree.java:49)
	at AVLTree.insert(AVLTree.java:49)
	at AVLTree.insert(AVLTree.java:49)
	at AVLTree.insert(AVLTree.java:49)
	at AVLTree.insert(AVLTree.java:49)
	at AVLTree.insert(AVLTree.java:49)
	at AVLTree.insert(AVLTree.java:49)
	at AVLTree.insert(AVLTree.java:49)
	at AVLTree.insert(AVLTree.java:49)
	at AVLTree.insert(AVLTree.java:49)
	at AVLTree.insert(AVLTree.java:49)
	at AVLTree.insert(AVLTree.java:49)
	at AVLTree.insert(AVLTree.java:49)
	at AVLTree.insert(AVLTree.java:49)
	at AVLTree.insert(AVLTree.java:49)
	at AVLTree.insert(AVLTree.java:49)
	at AVLTree.insert(AVLTree.java:49)
	at AVLTree.insert(AVLTree.java:49)
	at AVLTree.insert(AVLTree.java:49)
	at AVLTree.insert(AVLTree.java:49)
	at AVLTree.insert(AVLTree.java:49)
	at AVLTree.insert(AVLTree.java:49)
	at AVLTree.insert(AVLTree.java:49)
	at AVLTree.insert(AVLTree.java:49)
	at AVLTree.insert(AVLTree.java:49)
	at AVLTree.insert(AVLTree.java:49)
	at AVLTree.insert(AVLTree.java:49)
	at AVLTree.insert(AVLTree.java:49)
	at AVLTree.insert(AVLTree.java:49)
	at AVLTree.insert(AVLTree.java:49)
	at AVLTree.insert(AVLTree.java:49)
	at AVLTree.insert(AVLTree.java:49)
	at AVLTree.insert(AVLTree.java:49)
	at AVLTree.insert(AVLTree.java:49)
	at AVLTree.insert(AVLTree.java:49)
	at AVLTree.insert(AVLTree.java:49)
	at AVLTree.insert(AVLTree.java:49)
	at AVLTree.insert(AVLTree.java:49)
	at AVLTree.insert(AVLTree.java:49)
	at AVLTree.insert(AVLTree.java:49)
	at AVLTree.insert(AVLTree.java:49)
	at AVLTree.insert(AVLTree.java:49)
	at AVLTree.insert(AVLTree.java:49)
	at AVLTree.insert(AVLTree.java:49)
	at AVLTree.insert(AVLTree.java:49)
	at AVLTree.insert(AVLTree.java:49)
	at AVLTree.insert(AVLTree.java:49)
	at AVLTree.insert(AVLTree.java:49)
	at AVLTree.insert(AVLTree.java:49)
	at AVLTree.insert(AVLTree.java:49)
	at AVLTree.insert(AVLTree.java:49)
	at AVLTree.insert(AVLTree.java:49)
	at AVLTree.insert(AVLTree.java:49)
	at AVLTree.insert(AVLTree.java:49)
	at AVLTree.insert(AVLTree.java:49)
	at AVLTree.insert(AVLTree.java:49)
	at AVLTree.insert(AVLTree.java:49)
	at AVLTree.insert(AVLTree.java:49)
	at AVLTree.insert(AVLTree.java:49)
	at AVLTree.insert(AVLTree.java:49)
	at AVLTree.insert(AVLTree.java:49)
	at AVLTree.insert(AVLTree.java:49)
	at AVLTree.insert(AVLTree.java:49)
	at AVLTree.insert(AVLTree.java:49)
	at AVLTree.insert(AVLTree.java:49)
	at AVLTree.insert(AVLTree.java:49)
	at AVLTree.insert(AVLTree.java:49)
	at AVLTree.insert(AVLTree.java:49)
	at AVLTree.insert(AVLTree.java:49)
	at AVLTree.insert(AVLTree.java:49)
	at AVLTree.insert(AVLTree.java:49)
	at AVLTree.insert(AVLTree.java:49)
	at AVLTree.insert(AVLTree.java:49)
	at AVLTree.insert(AVLTree.java:49)
	at AVLTree.insert(AVLTree.java:49)
	at AVLTree.insert(AVLTree.java:49)
	at AVLTree.insert(AVLTree.java:49)
	at AVLTree.insert(AVLTree.java:49)
	at AVLTree.insert(AVLTree.java:49)
	at AVLTree.insert(AVLTree.java:49)
	at AVLTree.insert(AVLTree.java:49)
	at AVLTree.insert(AVLTree.java:49)
	at AVLTree.insert(AVLTree.java:49)
	at AVLTree.insert(AVLTree.java:49)
	at AVLTree.insert(AVLTree.java:49)
	at AVLTree.insert(AVLTree.java:49)
	at AVLTree.insert(AVLTree.java:49)
	at AVLTree.insert(AVLTree.java:49)
	at AVLTree.insert(AVLTree.java:49)
	at AVLTree.insert(AVLTree.java:49)
	at AVLTree.insert(AVLTree.java:49)
	at AVLTree.insert(AVLTree.java:49)
	at AVLTree.insert(AVLTree.java:49)
	at AVLTree.insert(AVLTree.java:49)
	at AVLTree.insert(AVLTree.java:49)
	at AVLTree.insert(AVLTree.java:49)
	at AVLTree.insert(AVLTree.java:49)
	at AVLTree.insert(AVLTree.java:49)
	at AVLTree.insert(AVLTree.java:49)
	at AVLTree.insert(AVLTree.java:49)
	at AVLTree.insert(AVLTree.java:49)
	at AVLTree.insert(AVLTree.java:49)
	at AVLTree.insert(AVLTree.java:49)
	at AVLTree.insert(AVLTree.java:49)
	at AVLTree.insert(AVLTree.java:49)
	at AVLTree.insert(AVLTree.java:49)
	at AVLTree.insert(AVLTree.java:49)
	at AVLTree.insert(AVLTree.java:49)
	at AVLTree.insert(AVLTree.java:49)
	at AVLTree.insert(AVLTree.java:49)
	at AVLTree.insert(AVLTree.java:49)
	at AVLTree.insert(AVLTree.java:49)
	at AVLTree.insert(AVLTree.java:49)
	at AVLTree.insert(AVLTree.java:49)
	at AVLTree.insert(AVLTree.java:49)
	at AVLTree.insert(AVLTree.java:49)
	at AVLTree.insert(AVLTree.java:49)
	at AVLTree.insert(AVLTree.java:49)
	at AVLTree.insert(AVLTree.java:49)
	at AVLTree.insert(AVLTree.java:49)
	at AVLTree.insert(AVLTree.java:49)
	at AVLTree.insert(AVLTree.java:49)
	at AVLTree.insert(AVLTree.java:49)
	at AVLTree.insert(AVLTree.java:49)
	at AVLTree.insert(AVLTree.java:49)
	at AVLTree.insert(AVLTree.java:49)
	at AVLTree.insert(AVLTree.java:49)
	at AVLTree.insert(AVLTree.java:49)
	at AVLTree.insert(AVLTree.java:49)
	at AVLTree.insert(AVLTree.java:49)
	at AVLTree.insert(AVLTree.java:49)
	at AVLTree.insert(AVLTree.java:49)
	at AVLTree.insert(AVLTree.java:49)
	at AVLTree.insert(AVLTree.java:49)
	at AVLTree.insert(AVLTree.java:49)
	at AVLTree.insert(AVLTree.java:49)
	at AVLTree.insert(AVLTree.java:49)
	at AVLTree.insert(AVLTree.java:49)
	at AVLTree.insert(AVLTree.java:49)
	at AVLTree.insert(AVLTree.java:49)
	at AVLTree.insert(AVLTree.java:49)
	at AVLTree.insert(AVLTree.java:49)
	at AVLTree.insert(AVLTree.java:49)
	at AVLTree.insert(AVLTree.java:49)
	at AVLTree.insert(AVLTree.java:49)
	at AVLTree.insert(AVLTree.java:49)
	at AVLTree.insert(AVLTree.java:49)
	at AVLTree.insert(AVLTree.java:49)
	at AVLTree.insert(AVLTree.java:49)
	at AVLTree.insert(AVLTree.java:49)
	at AVLTree.insert(AVLTree.java:49)
	at AVLTree.insert(AVLTree.java:49)
	at AVLTree.insert(AVLTree.java:49)
	at AVLTree.insert(AVLTree.java:49)
	at AVLTree.insert(AVLTree.java:49)
	at AVLTree.insert(AVLTree.java:49)
	at AVLTree.insert(AVLTree.java:49)
	at AVLTree.insert(AVLTree.java:49)
	at AVLTree.insert(AVLTree.java:49)
	at AVLTree.insert(AVLTree.java:49)
	at AVLTree.insert(AVLTree.java:49)
	at AVLTree.insert(AVLTree.java:49)
	at AVLTree.insert(AVLTree.java:49)
	at AVLTree.insert(AVLTree.java:49)
	at AVLTree.insert(AVLTree.java:49)
	at AVLTree.insert(AVLTree.java:49)
	at AVLTree.insert(AVLTree.java:49)
	at AVLTree.insert(AVLTree.java:49)
	at AVLTree.insert(AVLTree.java:49)
	at AVLTree.insert(AVLTree.java:49)
	at AVLTree.insert(AVLTree.java:49)
	at AVLTree.insert(AVLTree.java:49)
	at AVLTree.insert(AVLTree.java:49)
	at AVLTree.insert(AVLTree.java:49)
	at AVLTree.insert(AVLTree.java:49)
	at AVLTree.insert(AVLTree.java:49)
	at AVLTree.insert(AVLTree.java:49)
	at AVLTree.insert(AVLTree.java:49)
	at AVLTree.insert(AVLTree.java:49)
	at AVLTree.insert(AVLTree.java:49)
	at AVLTree.insert(AVLTree.java:49)
	at AVLTree.insert(AVLTree.java:49)
	at AVLTree.insert(AVLTree.java:49)
	at AVLTree.insert(AVLTree.java:49)
	at AVLTree.insert(AVLTree.java:49)
	at AVLTree.insert(AVLTree.java:49)
	at AVLTree.insert(AVLTree.java:49)
	at AVLTree.insert(AVLTree.java:49)
	at AVLTree.insert(AVLTree.java:49)
	at AVLTree.insert(AVLTree.java:49)
	at AVLTree.insert(AVLTree.java:49)
	at AVLTree.insert(AVLTree.java:49)
	at AVLTree.insert(AVLTree.java:49)
	at AVLTree.insert(AVLTree.java:49)
	at AVLTree.insert(AVLTree.java:49)
	at AVLTree.insert(AVLTree.java:49)
	at AVLTree.insert(AVLTree.java:49)
	at AVLTree.insert(AVLTree.java:49)
	at AVLTree.insert(AVLTree.java:49)
	at AVLTree.insert(AVLTree.java:49)
	at AVLTree.insert(AVLTree.java:49)
	at AVLTree.insert(AVLTree.java:49)
	at AVLTree.insert(AVLTree.java:49)
	at AVLTree.insert(AVLTree.java:49)
	at AVLTree.insert(AVLTree.java:49)
	at AVLTree.insert(AVLTree.java:49)
	at AVLTree.insert(AVLTree.java:49)
	at AVLTree.insert(AVLTree.java:49)
	at AVLTree.insert(AVLTree.java:49)
	at AVLTree.insert(AVLTree.java:49)
	at AVLTree.insert(AVLTree.java:49)
	at AVLTree.insert(AVLTree.java:49)
	at AVLTree.insert(AVLTree.java:49)
	at AVLTree.insert(AVLTree.java:49)
	at AVLTree.insert(AVLTree.java:49)
	at AVLTree.insert(AVLTree.java:49)
	at AVLTree.insert(AVLTree.java:49)
	at AVLTree.insert(AVLTree.java:49)
	at AVLTree.insert(AVLTree.java:49)
	at AVLTree.insert(AVLTree.java:49)
	at AVLTree.insert(AVLTree.java:49)
	at AVLTree.insert(AVLTree.java:49)
	at AVLTree.insert(AVLTree.java:49)
	at AVLTree.insert(AVLTree.java:49)
	at AVLTree.insert(AVLTree.java:49)
	at AVLTree.insert(AVLTree.java:49)
	at AVLTree.insert(AVLTree.java:49)
	at AVLTree.insert(AVLTree.java:49)
	at AVLTree.insert(AVLTree.java:49)
	at AVLTree.insert(AVLTree.java:49)
	at AVLTree.insert(AVLTree.java:49)
	at AVLTree.insert(AVLTree.java:49)
	at AVLTree.insert(AVLTree.java:49)
	at AVLTree.insert(AVLTree.java:49)
	at AVLTree.insert(AVLTree.java:49)
	at AVLTree.insert(AVLTree.java:49)
	at AVLTree.insert(AVLTree.java:49)
	at AVLTree.insert(AVLTree.java:49)
	at AVLTree.insert(AVLTree.java:49)
	at AVLTree.insert(AVLTree.java:49)
	at AVLTree.insert(AVLTree.java:49)
	at AVLTree.insert(AVLTree.java:49)
	at AVLTree.insert(AVLTree.java:49)
	at AVLTree.insert(AVLTree.java:49)
	at AVLTree.insert(AVLTree.java:49)
	at AVLTree.insert(AVLTree.java:49)
	at AVLTree.insert(AVLTree.java:49)
	at AVLTree.insert(AVLTree.java:49)
	at AVLTree.insert(AVLTree.java:49)
	at AVLTree.insert(AVLTree.java:49)
	at AVLTree.insert(AVLTree.java:49)
	at AVLTree.insert(AVLTree.java:49)
	at AVLTree.insert(AVLTree.java:49)
	at AVLTree.insert(AVLTree.java:49)
	at AVLTree.insert(AVLTree.java:49)
	at AVLTree.insert(AVLTree.java:49)
	at AVLTree.insert(AVLTree.java:49)
	at AVLTree.insert(AVLTree.java:49)
	at AVLTree.insert(AVLTree.java:49)
	at AVLTree.insert(AVLTree.java:49)
	at AVLTree.insert(AVLTree.java:49)
	at AVLTree.insert(AVLTree.java:49)
	at AVLTree.insert(AVLTree.java:49)
	at AVLTree.insert(AVLTree.java:49)
	at AVLTree.insert(AVLTree.java:49)
	at AVLTree.insert(AVLTree.java:49)
	at AVLTree.insert(AVLTree.java:49)
	at AVLTree.insert(AVLTree.java:49)

